#
# There is insufficient memory for the Java Runtime Environment to continue.
# Native memory allocation (malloc) failed to allocate 32744 bytes for ChunkPool::allocate
# Possible reasons:
#   The system is out of physical RAM or swap space
#   The process is running with CompressedOops enabled, and the Java Heap may be blocking the growth of the native heap
# Possible solutions:
#   Reduce memory load on the system
#   Increase physical memory or swap space
#   Check if swap backing store is full
#   Decrease Java heap size (-Xmx/-Xms)
#   Decrease number of Java threads
#   Decrease Java thread stack sizes (-Xss)
#   Set larger code cache with -XX:ReservedCodeCacheSize=
#   JVM is running with Zero Based Compressed Oops mode in which the Java heap is
#     placed in the first 32GB address space. The Java Heap base address is the
#     maximum limit for the native heap growth. Please use -XX:HeapBaseMinAddress
#     to set the Java Heap base and to place the Java Heap above 32GB virtual address.
# This output file may be truncated or incomplete.
#
#  Out of Memory Error (arena.cpp:78), pid=1876, tid=12980
#
# JRE version: OpenJDK Runtime Environment (17.0.6) (build 17.0.6+0-b2043.56-9586694)
# Java VM: OpenJDK 64-Bit Server VM (17.0.6+0-b2043.56-9586694, mixed mode, tiered, compressed oops, compressed class ptrs, g1 gc, windows-amd64)
# No core dump will be written. Minidumps are not enabled by default on client versions of Windows
#

---------------  S U M M A R Y ------------

Command Line: -Dorg.gradle.appname=gradlew org.gradle.wrapper.GradleWrapperMain -q -Ptarget-platform=android-x64 -Ptarget=D:\project\quran_app\lib\main.dart -Pbase-application-name=android.app.Application -Pdart-defines=RkxVVFRFUl9XRUJfQVVUT19ERVRFQ1Q9dHJ1ZQ==,RkxVVFRFUl9XRUJfQ0FOVkFTS0lUX1VSTD1odHRwczovL3d3dy5nc3RhdGljLmNvbS9mbHV0dGVyLWNhbnZhc2tpdC9jZGJlZGE3ODhhMjkzZmEyOTY2NWRjM2ZhM2Q2ZTYzYmQyMjFjYjBkLw== -Pdart-obfuscation=false -Ptrack-widget-creation=true -Ptree-shake-icons=false -Pfilesystem-scheme=org-dartlang-root assembleDebug

Host: AMD Ryzen 5 PRO 4650G with Radeon Graphics, 12 cores, 13G,  Windows 10 , 64 bit Build 19041 (10.0.19041.2913)
Time: Fri Aug 18 16:34:37 2023 Afr. centrale Ouest elapsed time: 0.339234 seconds (0d 0h 0m 0s)

---------------  T H R E A D  ---------------

Current thread (0x0000019fc507c010):  JavaThread "C2 CompilerThread0" daemon [_thread_in_native, id=12980, stack(0x000000946c800000,0x000000946c900000)]


Current CompileTask:
C2:    339  429       4       java.io.WinNTFileSystem::resolve (275 bytes)

Stack: [0x000000946c800000,0x000000946c900000]
Native frames: (J=compiled Java code, j=interpreted, Vv=VM code, C=native code)
V  [jvm.dll+0x683b4a]
V  [jvm.dll+0x842654]
V  [jvm.dll+0x843dfe]
V  [jvm.dll+0x844463]
V  [jvm.dll+0x249b75]
V  [jvm.dll+0xabecc]
V  [jvm.dll+0xac27c]
V  [jvm.dll+0x125dac]
V  [jvm.dll+0x124e03]
V  [jvm.dll+0x689065]
V  [jvm.dll+0x21c5cf]
V  [jvm.dll+0x21b621]
V  [jvm.dll+0x1a4fdd]
V  [jvm.dll+0x22b098]
V  [jvm.dll+0x229159]
V  [jvm.dll+0x7f809c]
V  [jvm.dll+0x7f25fa]
V  [jvm.dll+0x682985]
C  [ucrtbase.dll+0x21bb2]
C  [KERNEL32.DLL+0x17614]
C  [ntdll.dll+0x526a1]


---------------  P R O C E S S  ---------------

Threads class SMR info:
_java_thread_list=0x0000019fc51e1f20, length=12, elements={
0x0000019fa6bdd790, 0x0000019fc46d8200, 0x0000019fc46d9ae0, 0x0000019fc502bc50,
0x0000019fc502d720, 0x0000019fc502dfe0, 0x0000019fc5065450, 0x0000019fc507c010,
0x0000019fc507c9c0, 0x0000019fc507f2d0, 0x0000019fc51d64a0, 0x0000019fc51d4c90
}

Java Threads: ( => current thread )
  0x0000019fa6bdd790 JavaThread "main" [_thread_in_native, id=12476, stack(0x000000946bb00000,0x000000946bc00000)]
  0x0000019fc46d8200 JavaThread "Reference Handler" daemon [_thread_blocked, id=15580, stack(0x000000946c200000,0x000000946c300000)]
  0x0000019fc46d9ae0 JavaThread "Finalizer" daemon [_thread_blocked, id=10776, stack(0x000000946c300000,0x000000946c400000)]
  0x0000019fc502bc50 JavaThread "Signal Dispatcher" daemon [_thread_blocked, id=13936, stack(0x000000946c400000,0x000000946c500000)]
  0x0000019fc502d720 JavaThread "Attach Listener" daemon [_thread_blocked, id=2052, stack(0x000000946c500000,0x000000946c600000)]
  0x0000019fc502dfe0 JavaThread "Service Thread" daemon [_thread_blocked, id=10608, stack(0x000000946c600000,0x000000946c700000)]
  0x0000019fc5065450 JavaThread "Monitor Deflation Thread" daemon [_thread_blocked, id=12908, stack(0x000000946c700000,0x000000946c800000)]
=>0x0000019fc507c010 JavaThread "C2 CompilerThread0" daemon [_thread_in_native, id=12980, stack(0x000000946c800000,0x000000946c900000)]
  0x0000019fc507c9c0 JavaThread "C1 CompilerThread0" daemon [_thread_in_vm, id=9304, stack(0x000000946c900000,0x000000946ca00000)]
  0x0000019fc507f2d0 JavaThread "Sweeper thread" daemon [_thread_blocked, id=7720, stack(0x000000946ca00000,0x000000946cb00000)]
  0x0000019fc51d64a0 JavaThread "Notification Thread" daemon [_thread_blocked, id=7516, stack(0x000000946cb00000,0x000000946cc00000)]
  0x0000019fc51d4c90 JavaThread "Common-Cleaner" daemon [_thread_blocked, id=15988, stack(0x000000946cd00000,0x000000946ce00000)]

Other Threads:
  0x0000019fc50205a0 VMThread "VM Thread" [stack: 0x000000946c100000,0x000000946c200000] [id=12200]
  0x0000019fc51d7780 WatcherThread [stack: 0x000000946cc00000,0x000000946cd00000] [id=11188]
  0x0000019fa6c3fdd0 GCTaskThread "GC Thread#0" [stack: 0x000000946bc00000,0x000000946bd00000] [id=12856]
  0x0000019fa6c4ea70 ConcurrentGCThread "G1 Main Marker" [stack: 0x000000946bd00000,0x000000946be00000] [id=11492]
  0x0000019fa6c50b40 ConcurrentGCThread "G1 Conc#0" [stack: 0x000000946be00000,0x000000946bf00000] [id=9460]
  0x0000019fc45524d0 ConcurrentGCThread "G1 Refine#0" [stack: 0x000000946bf00000,0x000000946c000000] [id=7048]
  0x0000019fc4552e00 ConcurrentGCThread "G1 Service" [stack: 0x000000946c000000,0x000000946c100000] [id=7800]

Threads with active compile tasks:
C2 CompilerThread0      356  429       4       java.io.WinNTFileSystem::resolve (275 bytes)

VM state: not at safepoint (normal execution)

VM Mutex/Monitor currently owned by a thread: None

Heap address: 0x0000000721a00000, size: 3558 MB, Compressed Oops mode: Zero based, Oop shift amount: 3

CDS archive(s) not mapped
Compressed class space mapped at: 0x0000000800000000-0x0000000840000000, reserved size: 1073741824
Narrow klass base: 0x0000000800000000, Narrow klass shift: 0, Narrow klass range: 0x40000000

GC Precious Log:
 CPUs: 12 total, 12 available
 Memory: 14227M
 Large Page Support: Disabled
 NUMA Support: Disabled
 Compressed Oops: Enabled (Zero based)
 Heap Region Size: 2M
 Heap Min Capacity: 8M
 Heap Initial Capacity: 224M
 Heap Max Capacity: 3558M
 Pre-touch: Disabled
 Parallel Workers: 10
 Concurrent Workers: 3
 Concurrent Refinement Workers: 10
 Periodic GC: Disabled

Heap:
 garbage-first heap   total 229376K, used 8192K [0x0000000721a00000, 0x0000000800000000)
  region size 2048K, 5 young (10240K), 0 survivors (0K)
 Metaspace       used 8151K, committed 8256K, reserved 1056768K
  class space    used 717K, committed 768K, reserved 1048576K

Heap Regions: E=young(eden), S=young(survivor), O=old, HS=humongous(starts), HC=humongous(continues), CS=collection set, F=free, OA=open archive, CA=closed archive, TAMS=top-at-mark-start (previous, next)
|   0|0x0000000721a00000, 0x0000000721a00000, 0x0000000721c00000|  0%| F|  |TAMS 0x0000000721a00000, 0x0000000721a00000| Untracked 
|   1|0x0000000721c00000, 0x0000000721c00000, 0x0000000721e00000|  0%| F|  |TAMS 0x0000000721c00000, 0x0000000721c00000| Untracked 
|   2|0x0000000721e00000, 0x0000000721e00000, 0x0000000722000000|  0%| F|  |TAMS 0x0000000721e00000, 0x0000000721e00000| Untracked 
|   3|0x0000000722000000, 0x0000000722000000, 0x0000000722200000|  0%| F|  |TAMS 0x0000000722000000, 0x0000000722000000| Untracked 
|   4|0x0000000722200000, 0x0000000722200000, 0x0000000722400000|  0%| F|  |TAMS 0x0000000722200000, 0x0000000722200000| Untracked 
|   5|0x0000000722400000, 0x0000000722400000, 0x0000000722600000|  0%| F|  |TAMS 0x0000000722400000, 0x0000000722400000| Untracked 
|   6|0x0000000722600000, 0x0000000722600000, 0x0000000722800000|  0%| F|  |TAMS 0x0000000722600000, 0x0000000722600000| Untracked 
|   7|0x0000000722800000, 0x0000000722800000, 0x0000000722a00000|  0%| F|  |TAMS 0x0000000722800000, 0x0000000722800000| Untracked 
|   8|0x0000000722a00000, 0x0000000722a00000, 0x0000000722c00000|  0%| F|  |TAMS 0x0000000722a00000, 0x0000000722a00000| Untracked 
|   9|0x0000000722c00000, 0x0000000722c00000, 0x0000000722e00000|  0%| F|  |TAMS 0x0000000722c00000, 0x0000000722c00000| Untracked 
|  10|0x0000000722e00000, 0x0000000722e00000, 0x0000000723000000|  0%| F|  |TAMS 0x0000000722e00000, 0x0000000722e00000| Untracked 
|  11|0x0000000723000000, 0x0000000723000000, 0x0000000723200000|  0%| F|  |TAMS 0x0000000723000000, 0x0000000723000000| Untracked 
|  12|0x0000000723200000, 0x0000000723200000, 0x0000000723400000|  0%| F|  |TAMS 0x0000000723200000, 0x0000000723200000| Untracked 
|  13|0x0000000723400000, 0x0000000723400000, 0x0000000723600000|  0%| F|  |TAMS 0x0000000723400000, 0x0000000723400000| Untracked 
|  14|0x0000000723600000, 0x0000000723600000, 0x0000000723800000|  0%| F|  |TAMS 0x0000000723600000, 0x0000000723600000| Untracked 
|  15|0x0000000723800000, 0x0000000723800000, 0x0000000723a00000|  0%| F|  |TAMS 0x0000000723800000, 0x0000000723800000| Untracked 
|  16|0x0000000723a00000, 0x0000000723a00000, 0x0000000723c00000|  0%| F|  |TAMS 0x0000000723a00000, 0x0000000723a00000| Untracked 
|  17|0x0000000723c00000, 0x0000000723c00000, 0x0000000723e00000|  0%| F|  |TAMS 0x0000000723c00000, 0x0000000723c00000| Untracked 
|  18|0x0000000723e00000, 0x0000000723e00000, 0x0000000724000000|  0%| F|  |TAMS 0x0000000723e00000, 0x0000000723e00000| Untracked 
|  19|0x0000000724000000, 0x0000000724000000, 0x0000000724200000|  0%| F|  |TAMS 0x0000000724000000, 0x0000000724000000| Untracked 
|  20|0x0000000724200000, 0x0000000724200000, 0x0000000724400000|  0%| F|  |TAMS 0x0000000724200000, 0x0000000724200000| Untracked 
|  21|0x0000000724400000, 0x0000000724400000, 0x0000000724600000|  0%| F|  |TAMS 0x0000000724400000, 0x0000000724400000| Untracked 
|  22|0x0000000724600000, 0x0000000724600000, 0x0000000724800000|  0%| F|  |TAMS 0x0000000724600000, 0x0000000724600000| Untracked 
|  23|0x0000000724800000, 0x0000000724800000, 0x0000000724a00000|  0%| F|  |TAMS 0x0000000724800000, 0x0000000724800000| Untracked 
|  24|0x0000000724a00000, 0x0000000724a00000, 0x0000000724c00000|  0%| F|  |TAMS 0x0000000724a00000, 0x0000000724a00000| Untracked 
|  25|0x0000000724c00000, 0x0000000724c00000, 0x0000000724e00000|  0%| F|  |TAMS 0x0000000724c00000, 0x0000000724c00000| Untracked 
|  26|0x0000000724e00000, 0x0000000724e00000, 0x0000000725000000|  0%| F|  |TAMS 0x0000000724e00000, 0x0000000724e00000| Untracked 
|  27|0x0000000725000000, 0x0000000725000000, 0x0000000725200000|  0%| F|  |TAMS 0x0000000725000000, 0x0000000725000000| Untracked 
|  28|0x0000000725200000, 0x0000000725200000, 0x0000000725400000|  0%| F|  |TAMS 0x0000000725200000, 0x0000000725200000| Untracked 
|  29|0x0000000725400000, 0x0000000725400000, 0x0000000725600000|  0%| F|  |TAMS 0x0000000725400000, 0x0000000725400000| Untracked 
|  30|0x0000000725600000, 0x0000000725600000, 0x0000000725800000|  0%| F|  |TAMS 0x0000000725600000, 0x0000000725600000| Untracked 
|  31|0x0000000725800000, 0x0000000725800000, 0x0000000725a00000|  0%| F|  |TAMS 0x0000000725800000, 0x0000000725800000| Untracked 
|  32|0x0000000725a00000, 0x0000000725a00000, 0x0000000725c00000|  0%| F|  |TAMS 0x0000000725a00000, 0x0000000725a00000| Untracked 
|  33|0x0000000725c00000, 0x0000000725c00000, 0x0000000725e00000|  0%| F|  |TAMS 0x0000000725c00000, 0x0000000725c00000| Untracked 
|  34|0x0000000725e00000, 0x0000000725e00000, 0x0000000726000000|  0%| F|  |TAMS 0x0000000725e00000, 0x0000000725e00000| Untracked 
|  35|0x0000000726000000, 0x0000000726000000, 0x0000000726200000|  0%| F|  |TAMS 0x0000000726000000, 0x0000000726000000| Untracked 
|  36|0x0000000726200000, 0x0000000726200000, 0x0000000726400000|  0%| F|  |TAMS 0x0000000726200000, 0x0000000726200000| Untracked 
|  37|0x0000000726400000, 0x0000000726400000, 0x0000000726600000|  0%| F|  |TAMS 0x0000000726400000, 0x0000000726400000| Untracked 
|  38|0x0000000726600000, 0x0000000726600000, 0x0000000726800000|  0%| F|  |TAMS 0x0000000726600000, 0x0000000726600000| Untracked 
|  39|0x0000000726800000, 0x0000000726800000, 0x0000000726a00000|  0%| F|  |TAMS 0x0000000726800000, 0x0000000726800000| Untracked 
|  40|0x0000000726a00000, 0x0000000726a00000, 0x0000000726c00000|  0%| F|  |TAMS 0x0000000726a00000, 0x0000000726a00000| Untracked 
|  41|0x0000000726c00000, 0x0000000726c00000, 0x0000000726e00000|  0%| F|  |TAMS 0x0000000726c00000, 0x0000000726c00000| Untracked 
|  42|0x0000000726e00000, 0x0000000726e00000, 0x0000000727000000|  0%| F|  |TAMS 0x0000000726e00000, 0x0000000726e00000| Untracked 
|  43|0x0000000727000000, 0x0000000727000000, 0x0000000727200000|  0%| F|  |TAMS 0x0000000727000000, 0x0000000727000000| Untracked 
|  44|0x0000000727200000, 0x0000000727200000, 0x0000000727400000|  0%| F|  |TAMS 0x0000000727200000, 0x0000000727200000| Untracked 
|  45|0x0000000727400000, 0x0000000727400000, 0x0000000727600000|  0%| F|  |TAMS 0x0000000727400000, 0x0000000727400000| Untracked 
|  46|0x0000000727600000, 0x0000000727600000, 0x0000000727800000|  0%| F|  |TAMS 0x0000000727600000, 0x0000000727600000| Untracked 
|  47|0x0000000727800000, 0x0000000727800000, 0x0000000727a00000|  0%| F|  |TAMS 0x0000000727800000, 0x0000000727800000| Untracked 
|  48|0x0000000727a00000, 0x0000000727a00000, 0x0000000727c00000|  0%| F|  |TAMS 0x0000000727a00000, 0x0000000727a00000| Untracked 
|  49|0x0000000727c00000, 0x0000000727c00000, 0x0000000727e00000|  0%| F|  |TAMS 0x0000000727c00000, 0x0000000727c00000| Untracked 
|  50|0x0000000727e00000, 0x0000000727e00000, 0x0000000728000000|  0%| F|  |TAMS 0x0000000727e00000, 0x0000000727e00000| Untracked 
|  51|0x0000000728000000, 0x0000000728000000, 0x0000000728200000|  0%| F|  |TAMS 0x0000000728000000, 0x0000000728000000| Untracked 
|  52|0x0000000728200000, 0x0000000728200000, 0x0000000728400000|  0%| F|  |TAMS 0x0000000728200000, 0x0000000728200000| Untracked 
|  53|0x0000000728400000, 0x0000000728400000, 0x0000000728600000|  0%| F|  |TAMS 0x0000000728400000, 0x0000000728400000| Untracked 
|  54|0x0000000728600000, 0x0000000728600000, 0x0000000728800000|  0%| F|  |TAMS 0x0000000728600000, 0x0000000728600000| Untracked 
|  55|0x0000000728800000, 0x0000000728800000, 0x0000000728a00000|  0%| F|  |TAMS 0x0000000728800000, 0x0000000728800000| Untracked 
|  56|0x0000000728a00000, 0x0000000728a00000, 0x0000000728c00000|  0%| F|  |TAMS 0x0000000728a00000, 0x0000000728a00000| Untracked 
|  57|0x0000000728c00000, 0x0000000728c00000, 0x0000000728e00000|  0%| F|  |TAMS 0x0000000728c00000, 0x0000000728c00000| Untracked 
|  58|0x0000000728e00000, 0x0000000728e00000, 0x0000000729000000|  0%| F|  |TAMS 0x0000000728e00000, 0x0000000728e00000| Untracked 
|  59|0x0000000729000000, 0x0000000729000000, 0x0000000729200000|  0%| F|  |TAMS 0x0000000729000000, 0x0000000729000000| Untracked 
|  60|0x0000000729200000, 0x0000000729200000, 0x0000000729400000|  0%| F|  |TAMS 0x0000000729200000, 0x0000000729200000| Untracked 
|  61|0x0000000729400000, 0x0000000729400000, 0x0000000729600000|  0%| F|  |TAMS 0x0000000729400000, 0x0000000729400000| Untracked 
|  62|0x0000000729600000, 0x0000000729600000, 0x0000000729800000|  0%| F|  |TAMS 0x0000000729600000, 0x0000000729600000| Untracked 
|  63|0x0000000729800000, 0x0000000729800000, 0x0000000729a00000|  0%| F|  |TAMS 0x0000000729800000, 0x0000000729800000| Untracked 
|  64|0x0000000729a00000, 0x0000000729a00000, 0x0000000729c00000|  0%| F|  |TAMS 0x0000000729a00000, 0x0000000729a00000| Untracked 
|  65|0x0000000729c00000, 0x0000000729c00000, 0x0000000729e00000|  0%| F|  |TAMS 0x0000000729c00000, 0x0000000729c00000| Untracked 
|  66|0x0000000729e00000, 0x0000000729e00000, 0x000000072a000000|  0%| F|  |TAMS 0x0000000729e00000, 0x0000000729e00000| Untracked 
|  67|0x000000072a000000, 0x000000072a000000, 0x000000072a200000|  0%| F|  |TAMS 0x000000072a000000, 0x000000072a000000| Untracked 
|  68|0x000000072a200000, 0x000000072a200000, 0x000000072a400000|  0%| F|  |TAMS 0x000000072a200000, 0x000000072a200000| Untracked 
|  69|0x000000072a400000, 0x000000072a400000, 0x000000072a600000|  0%| F|  |TAMS 0x000000072a400000, 0x000000072a400000| Untracked 
|  70|0x000000072a600000, 0x000000072a600000, 0x000000072a800000|  0%| F|  |TAMS 0x000000072a600000, 0x000000072a600000| Untracked 
|  71|0x000000072a800000, 0x000000072a800000, 0x000000072aa00000|  0%| F|  |TAMS 0x000000072a800000, 0x000000072a800000| Untracked 
|  72|0x000000072aa00000, 0x000000072aa00000, 0x000000072ac00000|  0%| F|  |TAMS 0x000000072aa00000, 0x000000072aa00000| Untracked 
|  73|0x000000072ac00000, 0x000000072ac00000, 0x000000072ae00000|  0%| F|  |TAMS 0x000000072ac00000, 0x000000072ac00000| Untracked 
|  74|0x000000072ae00000, 0x000000072ae00000, 0x000000072b000000|  0%| F|  |TAMS 0x000000072ae00000, 0x000000072ae00000| Untracked 
|  75|0x000000072b000000, 0x000000072b000000, 0x000000072b200000|  0%| F|  |TAMS 0x000000072b000000, 0x000000072b000000| Untracked 
|  76|0x000000072b200000, 0x000000072b200000, 0x000000072b400000|  0%| F|  |TAMS 0x000000072b200000, 0x000000072b200000| Untracked 
|  77|0x000000072b400000, 0x000000072b400000, 0x000000072b600000|  0%| F|  |TAMS 0x000000072b400000, 0x000000072b400000| Untracked 
|  78|0x000000072b600000, 0x000000072b600000, 0x000000072b800000|  0%| F|  |TAMS 0x000000072b600000, 0x000000072b600000| Untracked 
|  79|0x000000072b800000, 0x000000072b800000, 0x000000072ba00000|  0%| F|  |TAMS 0x000000072b800000, 0x000000072b800000| Untracked 
|  80|0x000000072ba00000, 0x000000072ba00000, 0x000000072bc00000|  0%| F|  |TAMS 0x000000072ba00000, 0x000000072ba00000| Untracked 
|  81|0x000000072bc00000, 0x000000072bc00000, 0x000000072be00000|  0%| F|  |TAMS 0x000000072bc00000, 0x000000072bc00000| Untracked 
|  82|0x000000072be00000, 0x000000072be00000, 0x000000072c000000|  0%| F|  |TAMS 0x000000072be00000, 0x000000072be00000| Untracked 
|  83|0x000000072c000000, 0x000000072c000000, 0x000000072c200000|  0%| F|  |TAMS 0x000000072c000000, 0x000000072c000000| Untracked 
|  84|0x000000072c200000, 0x000000072c200000, 0x000000072c400000|  0%| F|  |TAMS 0x000000072c200000, 0x000000072c200000| Untracked 
|  85|0x000000072c400000, 0x000000072c400000, 0x000000072c600000|  0%| F|  |TAMS 0x000000072c400000, 0x000000072c400000| Untracked 
|  86|0x000000072c600000, 0x000000072c600000, 0x000000072c800000|  0%| F|  |TAMS 0x000000072c600000, 0x000000072c600000| Untracked 
|  87|0x000000072c800000, 0x000000072c800000, 0x000000072ca00000|  0%| F|  |TAMS 0x000000072c800000, 0x000000072c800000| Untracked 
|  88|0x000000072ca00000, 0x000000072ca00000, 0x000000072cc00000|  0%| F|  |TAMS 0x000000072ca00000, 0x000000072ca00000| Untracked 
|  89|0x000000072cc00000, 0x000000072cc00000, 0x000000072ce00000|  0%| F|  |TAMS 0x000000072cc00000, 0x000000072cc00000| Untracked 
|  90|0x000000072ce00000, 0x000000072ce00000, 0x000000072d000000|  0%| F|  |TAMS 0x000000072ce00000, 0x000000072ce00000| Untracked 
|  91|0x000000072d000000, 0x000000072d000000, 0x000000072d200000|  0%| F|  |TAMS 0x000000072d000000, 0x000000072d000000| Untracked 
|  92|0x000000072d200000, 0x000000072d200000, 0x000000072d400000|  0%| F|  |TAMS 0x000000072d200000, 0x000000072d200000| Untracked 
|  93|0x000000072d400000, 0x000000072d400000, 0x000000072d600000|  0%| F|  |TAMS 0x000000072d400000, 0x000000072d400000| Untracked 
|  94|0x000000072d600000, 0x000000072d600000, 0x000000072d800000|  0%| F|  |TAMS 0x000000072d600000, 0x000000072d600000| Untracked 
|  95|0x000000072d800000, 0x000000072d800000, 0x000000072da00000|  0%| F|  |TAMS 0x000000072d800000, 0x000000072d800000| Untracked 
|  96|0x000000072da00000, 0x000000072da00000, 0x000000072dc00000|  0%| F|  |TAMS 0x000000072da00000, 0x000000072da00000| Untracked 
|  97|0x000000072dc00000, 0x000000072dc00000, 0x000000072de00000|  0%| F|  |TAMS 0x000000072dc00000, 0x000000072dc00000| Untracked 
|  98|0x000000072de00000, 0x000000072de00000, 0x000000072e000000|  0%| F|  |TAMS 0x000000072de00000, 0x000000072de00000| Untracked 
|  99|0x000000072e000000, 0x000000072e000000, 0x000000072e200000|  0%| F|  |TAMS 0x000000072e000000, 0x000000072e000000| Untracked 
| 100|0x000000072e200000, 0x000000072e200000, 0x000000072e400000|  0%| F|  |TAMS 0x000000072e200000, 0x000000072e200000| Untracked 
| 101|0x000000072e400000, 0x000000072e400000, 0x000000072e600000|  0%| F|  |TAMS 0x000000072e400000, 0x000000072e400000| Untracked 
| 102|0x000000072e600000, 0x000000072e600000, 0x000000072e800000|  0%| F|  |TAMS 0x000000072e600000, 0x000000072e600000| Untracked 
| 103|0x000000072e800000, 0x000000072e800000, 0x000000072ea00000|  0%| F|  |TAMS 0x000000072e800000, 0x000000072e800000| Untracked 
| 104|0x000000072ea00000, 0x000000072ea00000, 0x000000072ec00000|  0%| F|  |TAMS 0x000000072ea00000, 0x000000072ea00000| Untracked 
| 105|0x000000072ec00000, 0x000000072ec00000, 0x000000072ee00000|  0%| F|  |TAMS 0x000000072ec00000, 0x000000072ec00000| Untracked 
| 106|0x000000072ee00000, 0x000000072ee00000, 0x000000072f000000|  0%| F|  |TAMS 0x000000072ee00000, 0x000000072ee00000| Untracked 
| 107|0x000000072f000000, 0x000000072f200000, 0x000000072f200000|100%| E|  |TAMS 0x000000072f000000, 0x000000072f000000| Complete 
| 108|0x000000072f200000, 0x000000072f400000, 0x000000072f400000|100%| E|CS|TAMS 0x000000072f200000, 0x000000072f200000| Complete 
| 109|0x000000072f400000, 0x000000072f600000, 0x000000072f600000|100%| E|CS|TAMS 0x000000072f400000, 0x000000072f400000| Complete 
| 110|0x000000072f600000, 0x000000072f800000, 0x000000072f800000|100%| E|CS|TAMS 0x000000072f600000, 0x000000072f600000| Complete 
| 111|0x000000072f800000, 0x000000072fa00000, 0x000000072fa00000|100%| E|CS|TAMS 0x000000072f800000, 0x000000072f800000| Complete 

Card table byte_map: [0x0000019fb9d00000,0x0000019fba400000] _byte_map_base: 0x0000019fb63f3000

Marking Bits (Prev, Next): (CMBitMap*) 0x0000019fa6c402f0, (CMBitMap*) 0x0000019fa6c40330
 Prev Bits: [0x0000019fbab00000, 0x0000019fbe298000)
 Next Bits: [0x0000019fbe2a0000, 0x0000019fc1a38000)

Polling page: 0x0000019fa4b10000

Metaspace:

Usage:
  Non-class:      7.26 MB used.
      Class:    717.57 KB used.
       Both:      7.96 MB used.

Virtual space:
  Non-class space:        8.00 MB reserved,       7.31 MB ( 91%) committed,  1 nodes.
      Class space:        1.00 GB reserved,     768.00 KB ( <1%) committed,  1 nodes.
             Both:        1.01 GB reserved,       8.06 MB ( <1%) committed. 

Chunk freelists:
   Non-Class:  338.00 KB
       Class:  3.20 MB
        Both:  3.53 MB

MaxMetaspaceSize: unlimited
CompressedClassSpaceSize: 1.00 GB
Initial GC threshold: 21.00 MB
Current GC threshold: 21.00 MB
CDS: off
MetaspaceReclaimPolicy: balanced
 - commit_granule_bytes: 65536.
 - commit_granule_words: 8192.
 - virtual_space_node_default_size: 1048576.
 - enlarge_chunks_in_place: 1.
 - new_chunks_are_fully_committed: 0.
 - uncommit_free_chunks: 1.
 - use_allocation_guard: 0.
 - handle_deallocations: 1.


Internal statistics:

num_allocs_failed_limit: 0.
num_arena_births: 12.
num_arena_deaths: 0.
num_vsnodes_births: 2.
num_vsnodes_deaths: 0.
num_space_committed: 129.
num_space_uncommitted: 0.
num_chunks_returned_to_freelist: 0.
num_chunks_taken_from_freelist: 52.
num_chunk_merges: 0.
num_chunk_splits: 22.
num_chunks_enlarged: 16.
num_purges: 0.
num_inconsistent_stats: 0.

CodeHeap 'non-profiled nmethods': size=120000Kb used=128Kb max_used=128Kb free=119871Kb
 bounds [0x0000019fb1b80000, 0x0000019fb1df0000, 0x0000019fb90b0000]
CodeHeap 'profiled nmethods': size=120000Kb used=689Kb max_used=689Kb free=119310Kb
 bounds [0x0000019faa0b0000, 0x0000019faa320000, 0x0000019fb15e0000]
CodeHeap 'non-nmethods': size=5760Kb used=1140Kb max_used=1140Kb free=4619Kb
 bounds [0x0000019fb15e0000, 0x0000019fb1850000, 0x0000019fb1b80000]
 total_blobs=857 nmethods=449 adapters=319
 compilation: enabled
              stopped_count=0, restarted_count=0
 full_count=0

Compilation events (20 events):
Event: 0.324 Thread 0x0000019fc507c9c0  427       3       java.util.Collections$UnmodifiableCollection$1::hasNext (10 bytes)
Event: 0.324 Thread 0x0000019fc507c9c0 nmethod 427 0x0000019faa14bd90 code [0x0000019faa14bf40, 0x0000019faa14c128]
Event: 0.326 Thread 0x0000019fc507c010  428       4       java.lang.String::<init> (74 bytes)
Event: 0.328 Thread 0x0000019fc507c010 nmethod 428 0x0000019fb1b9f310 code [0x0000019fb1b9f4a0, 0x0000019fb1b9f8f8]
Event: 0.331 Thread 0x0000019fc507c010  429       4       java.io.WinNTFileSystem::resolve (275 bytes)
Event: 0.333 Thread 0x0000019fc507c9c0  430  s    3       java.util.Properties::put (10 bytes)
Event: 0.334 Thread 0x0000019fc507c9c0 nmethod 430 0x0000019faa14c210 code [0x0000019faa14c3c0, 0x0000019faa14c628]
Event: 0.334 Thread 0x0000019fc507c9c0  431       3       java.lang.ref.Reference::clear (5 bytes)
Event: 0.334 Thread 0x0000019fc507c9c0 nmethod 431 0x0000019faa14c710 code [0x0000019faa14c8a0, 0x0000019faa14c9e8]
Event: 0.334 Thread 0x0000019fc507c9c0  433       3       java.io.File::isFile (34 bytes)
Event: 0.334 Thread 0x0000019fc507c9c0 nmethod 433 0x0000019faa14ca90 code [0x0000019faa14cc80, 0x0000019faa14d1c8]
Event: 0.334 Thread 0x0000019fc507c9c0  434       3       java.io.File::<init> (111 bytes)
Event: 0.335 Thread 0x0000019fc507c9c0 nmethod 434 0x0000019faa14d390 code [0x0000019faa14d640, 0x0000019faa14e0a8]
Event: 0.336 Thread 0x0000019fc507c9c0  436       3       java.lang.ref.Cleaner::register (25 bytes)
Event: 0.336 Thread 0x0000019fc507c9c0 nmethod 436 0x0000019faa14e490 code [0x0000019faa14e680, 0x0000019faa14ebe8]
Event: 0.336 Thread 0x0000019fc507c9c0  437       3       jdk.internal.ref.CleanerImpl$PhantomCleanableRef::<init> (12 bytes)
Event: 0.336 Thread 0x0000019fc507c9c0 nmethod 437 0x0000019faa14ee10 code [0x0000019faa14efc0, 0x0000019faa14f168]
Event: 0.336 Thread 0x0000019fc507c9c0  438   !   3       jdk.internal.ref.PhantomCleanable::remove (60 bytes)
Event: 0.337 Thread 0x0000019fc507c9c0 nmethod 438 0x0000019faa14f210 code [0x0000019faa14f3c0, 0x0000019faa14f7f8]
Event: 0.337 Thread 0x0000019fc507c9c0  439       3       java.util.regex.Pattern::compile (500 bytes)

GC Heap History (0 events):
No events

Dll operation events (2 events):
Event: 0.005 Loaded shared library D:\Program Files\Android\Android Studio\jbr\bin\java.dll
Event: 0.092 Loaded shared library D:\Program Files\Android\Android Studio\jbr\bin\verify.dll

Deoptimization events (20 events):
Event: 0.241 Thread 0x0000019fa6bdd790 DEOPT PACKING pc=0x0000019faa0df5fe sp=0x000000946bbfd4b0
Event: 0.241 Thread 0x0000019fa6bdd790 DEOPT UNPACKING pc=0x0000019fb1637143 sp=0x000000946bbfc920 mode 0
Event: 0.241 Thread 0x0000019fa6bdd790 DEOPT PACKING pc=0x0000019faa0df5fe sp=0x000000946bbfd4b0
Event: 0.241 Thread 0x0000019fa6bdd790 DEOPT UNPACKING pc=0x0000019fb1637143 sp=0x000000946bbfc920 mode 0
Event: 0.243 Thread 0x0000019fa6bdd790 DEOPT PACKING pc=0x0000019faa0df5fe sp=0x000000946bbfd4b0
Event: 0.243 Thread 0x0000019fa6bdd790 DEOPT UNPACKING pc=0x0000019fb1637143 sp=0x000000946bbfc920 mode 0
Event: 0.243 Thread 0x0000019fa6bdd790 DEOPT PACKING pc=0x0000019faa0df5fe sp=0x000000946bbfd4b0
Event: 0.243 Thread 0x0000019fa6bdd790 DEOPT UNPACKING pc=0x0000019fb1637143 sp=0x000000946bbfc920 mode 0
Event: 0.251 Thread 0x0000019fa6bdd790 DEOPT PACKING pc=0x0000019faa0f933e sp=0x000000946bbfd170
Event: 0.251 Thread 0x0000019fa6bdd790 DEOPT UNPACKING pc=0x0000019fb1637143 sp=0x000000946bbfc5e8 mode 0
Event: 0.251 Thread 0x0000019fa6bdd790 DEOPT PACKING pc=0x0000019faa0f933e sp=0x000000946bbfd170
Event: 0.251 Thread 0x0000019fa6bdd790 DEOPT UNPACKING pc=0x0000019fb1637143 sp=0x000000946bbfc5e8 mode 0
Event: 0.253 Thread 0x0000019fa6bdd790 DEOPT PACKING pc=0x0000019faa0f933e sp=0x000000946bbfd170
Event: 0.253 Thread 0x0000019fa6bdd790 DEOPT UNPACKING pc=0x0000019fb1637143 sp=0x000000946bbfc5e8 mode 0
Event: 0.253 Thread 0x0000019fa6bdd790 DEOPT PACKING pc=0x0000019faa0f933e sp=0x000000946bbfd170
Event: 0.253 Thread 0x0000019fa6bdd790 DEOPT UNPACKING pc=0x0000019fb1637143 sp=0x000000946bbfc5e8 mode 0
Event: 0.253 Thread 0x0000019fa6bdd790 DEOPT PACKING pc=0x0000019faa0f933e sp=0x000000946bbfd0d0
Event: 0.253 Thread 0x0000019fa6bdd790 DEOPT UNPACKING pc=0x0000019fb1637143 sp=0x000000946bbfc548 mode 0
Event: 0.287 Thread 0x0000019fa6bdd790 DEOPT PACKING pc=0x0000019faa104d02 sp=0x000000946bbfcfb0
Event: 0.287 Thread 0x0000019fa6bdd790 DEOPT UNPACKING pc=0x0000019fb1637143 sp=0x000000946bbfc470 mode 0

Classes unloaded (0 events):
No events

Classes redefined (0 events):
No events

Internal exceptions (1 events):
Event: 0.213 Thread 0x0000019fa6bdd790 Exception <a 'java/lang/NoSuchMethodError'{0x000000072f77d040}: 'int java.lang.invoke.DirectMethodHandle$Holder.invokeStaticInit(java.lang.Object, java.lang.Object)'> (0x000000072f77d040) 
thrown [s\src\hotspot\share\interpreter\linkResolver.cpp, line 771]

VM Operations (2 events):
Event: 0.089 Executing VM operation: HandshakeAllThreads
Event: 0.089 Executing VM operation: HandshakeAllThreads done

Events (20 events):
Event: 0.217 loading class java/io/FileFilter
Event: 0.217 loading class java/io/FileFilter done
Event: 0.227 loading class java/util/Collections$UnmodifiableList
Event: 0.228 loading class java/util/Collections$UnmodifiableList done
Event: 0.228 loading class java/util/Collections$UnmodifiableRandomAccessList
Event: 0.228 loading class java/util/Collections$UnmodifiableRandomAccessList done
Event: 0.232 loading class java/util/AbstractList$Itr
Event: 0.232 loading class java/util/AbstractList$Itr done
Event: 0.233 loading class java/util/zip/ZipException
Event: 0.233 loading class java/util/zip/ZipException done
Event: 0.233 loading class java/util/ArrayList$SubList
Event: 0.233 loading class java/util/ArrayList$SubList done
Event: 0.239 loading class java/util/Collections$UnmodifiableCollection$1
Event: 0.239 loading class java/util/Collections$UnmodifiableCollection$1 done
Event: 0.241 loading class java/util/Collections$SingletonSet
Event: 0.241 loading class java/util/Collections$SingletonSet done
Event: 0.241 loading class java/util/Collections$1
Event: 0.241 loading class java/util/Collections$1 done
Event: 0.243 loading class java/lang/invoke/DirectMethodHandle$Special
Event: 0.243 loading class java/lang/invoke/DirectMethodHandle$Special done


Dynamic libraries:
0x00007ff662060000 - 0x00007ff66206a000 	D:\Program Files\Android\Android Studio\jbr\bin\java.exe
0x00007ffb7acd0000 - 0x00007ffb7aec8000 	C:\Windows\SYSTEM32\ntdll.dll
0x00007ffb79c70000 - 0x00007ffb79d2f000 	C:\Windows\System32\KERNEL32.DLL
0x00007ffb784b0000 - 0x00007ffb787a6000 	C:\Windows\System32\KERNELBASE.dll
0x00007ffb78c30000 - 0x00007ffb78d30000 	C:\Windows\System32\ucrtbase.dll
0x00007ffb68db0000 - 0x00007ffb68dcb000 	D:\Program Files\Android\Android Studio\jbr\bin\VCRUNTIME140.dll
0x00007ffb623e0000 - 0x00007ffb623f7000 	D:\Program Files\Android\Android Studio\jbr\bin\jli.dll
0x00007ffb7aaf0000 - 0x00007ffb7ac8d000 	C:\Windows\System32\USER32.dll
0x00007ffb63ef0000 - 0x00007ffb6418a000 	C:\Windows\WinSxS\amd64_microsoft.windows.common-controls_6595b64144ccf1df_6.0.19041.1110_none_60b5254171f9507e\COMCTL32.dll
0x00007ffb78980000 - 0x00007ffb789a2000 	C:\Windows\System32\win32u.dll
0x00007ffb79960000 - 0x00007ffb799fe000 	C:\Windows\System32\msvcrt.dll
0x00007ffb79d30000 - 0x00007ffb79d5c000 	C:\Windows\System32\GDI32.dll
0x00007ffb78b10000 - 0x00007ffb78c25000 	C:\Windows\System32\gdi32full.dll
0x00007ffb788b0000 - 0x00007ffb7894d000 	C:\Windows\System32\msvcp_win.dll
0x00007ffb78ee0000 - 0x00007ffb78f10000 	C:\Windows\System32\IMM32.DLL
0x00007ffb75c80000 - 0x00007ffb75c8c000 	D:\Program Files\Android\Android Studio\jbr\bin\vcruntime140_1.dll
0x00007ffb461a0000 - 0x00007ffb4622d000 	D:\Program Files\Android\Android Studio\jbr\bin\msvcp140.dll
0x00007ffb009c0000 - 0x00007ffb0162d000 	D:\Program Files\Android\Android Studio\jbr\bin\server\jvm.dll
0x00007ffb79f70000 - 0x00007ffb7a01f000 	C:\Windows\System32\ADVAPI32.dll
0x00007ffb79a20000 - 0x00007ffb79abc000 	C:\Windows\System32\sechost.dll
0x00007ffb7a160000 - 0x00007ffb7a286000 	C:\Windows\System32\RPCRT4.dll
0x00007ffb677a0000 - 0x00007ffb677a9000 	C:\Windows\SYSTEM32\WSOCK32.dll
0x00007ffb79ac0000 - 0x00007ffb79b2b000 	C:\Windows\System32\WS2_32.dll
0x00007ffb6f020000 - 0x00007ffb6f047000 	C:\Windows\SYSTEM32\WINMM.dll
0x00007ffb725b0000 - 0x00007ffb725ba000 	C:\Windows\SYSTEM32\VERSION.dll
0x00007ffb76290000 - 0x00007ffb762a2000 	C:\Windows\SYSTEM32\kernel.appcore.dll
0x00007ffb67750000 - 0x00007ffb6775a000 	D:\Program Files\Android\Android Studio\jbr\bin\jimage.dll
0x00007ffb71c00000 - 0x00007ffb71de4000 	C:\Windows\SYSTEM32\DBGHELP.DLL
0x00007ffb65960000 - 0x00007ffb65994000 	C:\Windows\SYSTEM32\dbgcore.DLL
0x00007ffb783b0000 - 0x00007ffb78432000 	C:\Windows\System32\bcryptPrimitives.dll
0x00007ffb623b0000 - 0x00007ffb623d5000 	D:\Program Files\Android\Android Studio\jbr\bin\java.dll
0x00007ffb52eb0000 - 0x00007ffb52ec8000 	D:\Program Files\Android\Android Studio\jbr\bin\zip.dll
0x00007ffb7a290000 - 0x00007ffb7a9d4000 	C:\Windows\System32\SHELL32.dll
0x00007ffb76490000 - 0x00007ffb76c23000 	C:\Windows\SYSTEM32\windows.storage.dll
0x00007ffb79540000 - 0x00007ffb79894000 	C:\Windows\System32\combase.dll
0x00007ffb77d30000 - 0x00007ffb77d5e000 	C:\Windows\SYSTEM32\Wldp.dll
0x00007ffb798b0000 - 0x00007ffb7995d000 	C:\Windows\System32\SHCORE.dll
0x00007ffb79f10000 - 0x00007ffb79f65000 	C:\Windows\System32\shlwapi.dll
0x00007ffb782f0000 - 0x00007ffb7830f000 	C:\Windows\SYSTEM32\profapi.dll
0x00007ffb51af0000 - 0x00007ffb51b09000 	D:\Program Files\Android\Android Studio\jbr\bin\net.dll
0x00007ffb71640000 - 0x00007ffb7174a000 	C:\Windows\SYSTEM32\WINHTTP.dll
0x00007ffb77a90000 - 0x00007ffb77afa000 	C:\Windows\system32\mswsock.dll
0x00007ffb50c40000 - 0x00007ffb50c56000 	D:\Program Files\Android\Android Studio\jbr\bin\nio.dll
0x00007ffb65f50000 - 0x00007ffb65f60000 	D:\Program Files\Android\Android Studio\jbr\bin\verify.dll

dbghelp: loaded successfully - version: 4.0.5 - missing functions: none
symbol engine: initialized successfully - sym options: 0x614 - pdb path: .;D:\Program Files\Android\Android Studio\jbr\bin;C:\Windows\SYSTEM32;C:\Windows\WinSxS\amd64_microsoft.windows.common-controls_6595b64144ccf1df_6.0.19041.1110_none_60b5254171f9507e;D:\Program Files\Android\Android Studio\jbr\bin\server

VM Arguments:
jvm_args: -Dorg.gradle.appname=gradlew 
java_command: org.gradle.wrapper.GradleWrapperMain -q -Ptarget-platform=android-x64 -Ptarget=D:\project\quran_app\lib\main.dart -Pbase-application-name=android.app.Application -Pdart-defines=RkxVVFRFUl9XRUJfQVVUT19ERVRFQ1Q9dHJ1ZQ==,RkxVVFRFUl9XRUJfQ0FOVkFTS0lUX1VSTD1odHRwczovL3d3dy5nc3RhdGljLmNvbS9mbHV0dGVyLWNhbnZhc2tpdC9jZGJlZGE3ODhhMjkzZmEyOTY2NWRjM2ZhM2Q2ZTYzYmQyMjFjYjBkLw== -Pdart-obfuscation=false -Ptrack-widget-creation=true -Ptree-shake-icons=false -Pfilesystem-scheme=org-dartlang-root assembleDebug
java_class_path (initial): D:\project\quran_app\android\\gradle\wrapper\gradle-wrapper.jar
Launcher Type: SUN_STANDARD

[Global flags]
     intx CICompilerCount                          = 4                                         {product} {ergonomic}
     uint ConcGCThreads                            = 3                                         {product} {ergonomic}
     uint G1ConcRefinementThreads                  = 10                                        {product} {ergonomic}
   size_t G1HeapRegionSize                         = 2097152                                   {product} {ergonomic}
    uintx GCDrainStackTargetSize                   = 64                                        {product} {ergonomic}
   size_t InitialHeapSize                          = 234881024                                 {product} {ergonomic}
   size_t MarkStackSize                            = 4194304                                   {product} {ergonomic}
   size_t MaxHeapSize                              = 3730833408                                {product} {ergonomic}
   size_t MaxNewSize                               = 2237661184                                {product} {ergonomic}
   size_t MinHeapDeltaBytes                        = 2097152                                   {product} {ergonomic}
   size_t MinHeapSize                              = 8388608                                   {product} {ergonomic}
    uintx NonNMethodCodeHeapSize                   = 5839372                                {pd product} {ergonomic}
    uintx NonProfiledCodeHeapSize                  = 122909434                              {pd product} {ergonomic}
    uintx ProfiledCodeHeapSize                     = 122909434                              {pd product} {ergonomic}
    uintx ReservedCodeCacheSize                    = 251658240                              {pd product} {ergonomic}
     bool SegmentedCodeCache                       = true                                      {product} {ergonomic}
   size_t SoftMaxHeapSize                          = 3730833408                             {manageable} {ergonomic}
     bool UseCompressedClassPointers               = true                           {product lp64_product} {ergonomic}
     bool UseCompressedOops                        = true                           {product lp64_product} {ergonomic}
     bool UseG1GC                                  = true                                      {product} {ergonomic}
     bool UseLargePagesIndividualAllocation        = false                                  {pd product} {ergonomic}

Logging:
Log output configuration:
 #0: stdout all=warning uptime,level,tags
 #1: stderr all=off uptime,level,tags

Environment Variables:
JAVA_HOME=D:\Program Files\Android\Android Studio\jbr
CLASSPATH=D:\project\quran_app\android\\gradle\wrapper\gradle-wrapper.jar
PATH=C:\Windows\system32;C:\Windows;C:\Windows\System32\Wbem;C:\Windows\System32\WindowsPowerShell\v1.0\;C:\Windows\System32\OpenSSH\;C:\Program Files\Git\cmd;C:\Program Files\nodejs\;C:\Users\BeeLTL\AppData\Local\Programs\Python\Python311\Scripts\;C:\Users\BeeLTL\AppData\Local\Programs\Python\Python311\;C:\Users\BeeLTL\AppData\Local\Microsoft\WindowsApps;C:\Users\BeeLTL\AppData\Local\Programs\Microsoft VS Code\bin;C:\flutter\bin;C:\Users\BeeLTL\AppData\Local\GitHubDesktop\bin;C:\Users\BeeLTL\AppData\Roaming\npm;C:\flutter\bin\mingit\cmd
USERNAME=BeeLTL
OS=Windows_NT
PROCESSOR_IDENTIFIER=AMD64 Family 23 Model 96 Stepping 1, AuthenticAMD
TMP=C:\Users\BeeLTL\AppData\Local\Temp
TEMP=C:\Users\BeeLTL\AppData\Local\Temp



---------------  S Y S T E M  ---------------

OS:
 Windows 10 , 64 bit Build 19041 (10.0.19041.2913)
OS uptime: 2 days 6:05 hours

CPU: total 12 (initial active 12) (12 cores per cpu, 2 threads per core) family 23 model 96 stepping 1 microcode 0x0, cx8, cmov, fxsr, ht, mmx, 3dnowpref, sse, sse2, sse3, ssse3, sse4a, sse4.1, sse4.2, popcnt, lzcnt, tsc, tscinvbit, avx, avx2, aes, clmul, bmi1, bmi2, adx, sha, fma, vzeroupper, clflush, clflushopt

Memory: 4k page, system-wide physical 14227M (2604M free)
TotalPageFile size 28444M (AvailPageFile size 44M)
current process WorkingSet (physical memory assigned to process): 51M, peak: 51M
current process commit charge ("private bytes"): 313M, peak: 313M

vm_info: OpenJDK 64-Bit Server VM (17.0.6+0-b2043.56-9586694) for windows-amd64 JRE (17.0.6+0-b2043.56-9586694), built on Feb  9 2023 20:06:20 by "androidbuild" with MS VC++ 16.10 / 16.11 (VS2019)

END.
