#
# There is insufficient memory for the Java Runtime Environment to continue.
# Native memory allocation (malloc) failed to allocate 258384 bytes for Chunk::new
# Possible reasons:
#   The system is out of physical RAM or swap space
#   The process is running with CompressedOops enabled, and the Java Heap may be blocking the growth of the native heap
# Possible solutions:
#   Reduce memory load on the system
#   Increase physical memory or swap space
#   Check if swap backing store is full
#   Decrease Java heap size (-Xmx/-Xms)
#   Decrease number of Java threads
#   Decrease Java thread stack sizes (-Xss)
#   Set larger code cache with -XX:ReservedCodeCacheSize=
#   JVM is running with Zero Based Compressed Oops mode in which the Java heap is
#     placed in the first 32GB address space. The Java Heap base address is the
#     maximum limit for the native heap growth. Please use -XX:HeapBaseMinAddress
#     to set the Java Heap base and to place the Java Heap above 32GB virtual address.
# This output file may be truncated or incomplete.
#
#  Out of Memory Error (arena.cpp:189), pid=2452, tid=13484
#
# JRE version: OpenJDK Runtime Environment (17.0.6) (build 17.0.6+0-b2043.56-9586694)
# Java VM: OpenJDK 64-Bit Server VM (17.0.6+0-b2043.56-9586694, mixed mode, tiered, compressed oops, compressed class ptrs, g1 gc, windows-amd64)
# No core dump will be written. Minidumps are not enabled by default on client versions of Windows
#

---------------  S U M M A R Y ------------

Command Line: -Dorg.gradle.appname=gradlew org.gradle.wrapper.GradleWrapperMain -q -Ptarget-platform=android-x64 -Ptarget=D:\project\quran_app\lib\main.dart -Pbase-application-name=android.app.Application -Pdart-defines=RkxVVFRFUl9XRUJfQVVUT19ERVRFQ1Q9dHJ1ZQ==,RkxVVFRFUl9XRUJfQ0FOVkFTS0lUX1VSTD1odHRwczovL3d3dy5nc3RhdGljLmNvbS9mbHV0dGVyLWNhbnZhc2tpdC9jZGJlZGE3ODhhMjkzZmEyOTY2NWRjM2ZhM2Q2ZTYzYmQyMjFjYjBkLw== -Pdart-obfuscation=false -Ptrack-widget-creation=true -Ptree-shake-icons=false -Pfilesystem-scheme=org-dartlang-root assembleDebug

Host: AMD Ryzen 5 PRO 4650G with Radeon Graphics, 12 cores, 13G,  Windows 10 , 64 bit Build 19041 (10.0.19041.2913)
Time: Mon Aug 21 18:01:08 2023 Afr. centrale Ouest elapsed time: 0.715444 seconds (0d 0h 0m 0s)

---------------  T H R E A D  ---------------

Current thread (0x0000026c500673d0):  JavaThread "C2 CompilerThread0" daemon [_thread_in_native, id=13484, stack(0x000000c37c500000,0x000000c37c600000)]


Current CompileTask:
C2:    715  898   !   4       java.util.concurrent.ConcurrentHashMap::putVal (432 bytes)

Stack: [0x000000c37c500000,0x000000c37c600000]
Native frames: (J=compiled Java code, j=interpreted, Vv=VM code, C=native code)
V  [jvm.dll+0x683b4a]
V  [jvm.dll+0x842654]
V  [jvm.dll+0x843dfe]
V  [jvm.dll+0x844463]
V  [jvm.dll+0x249b75]
V  [jvm.dll+0xabcac]
V  [jvm.dll+0xac27c]
V  [jvm.dll+0x368857]
V  [jvm.dll+0x332f31]
V  [jvm.dll+0x3323da]
V  [jvm.dll+0x21c201]
V  [jvm.dll+0x21b621]
V  [jvm.dll+0x1a4fdd]
V  [jvm.dll+0x22b098]
V  [jvm.dll+0x229159]
V  [jvm.dll+0x7f809c]
V  [jvm.dll+0x7f25fa]
V  [jvm.dll+0x682985]
C  [ucrtbase.dll+0x21bb2]
C  [KERNEL32.DLL+0x17614]
C  [ntdll.dll+0x526a1]


---------------  P R O C E S S  ---------------

Threads class SMR info:
_java_thread_list=0x0000026c518bc9f0, length=14, elements={
0x0000026c31a9a5e0, 0x0000026c4f5a4630, 0x0000026c4f5a53b0, 0x0000026c4f5aa520,
0x0000026c4f5ac050, 0x0000026c4f5ae920, 0x0000026c500665d0, 0x0000026c500673d0,
0x0000026c500688f0, 0x0000026c5006c900, 0x0000026c501f5d10, 0x0000026c501f4ea0,
0x0000026c51466e20, 0x0000026c501f6b80
}

Java Threads: ( => current thread )
  0x0000026c31a9a5e0 JavaThread "main" [_thread_in_vm, id=14272, stack(0x000000c37b800000,0x000000c37b900000)]
  0x0000026c4f5a4630 JavaThread "Reference Handler" daemon [_thread_blocked, id=5672, stack(0x000000c37bf00000,0x000000c37c000000)]
  0x0000026c4f5a53b0 JavaThread "Finalizer" daemon [_thread_blocked, id=10392, stack(0x000000c37c000000,0x000000c37c100000)]
  0x0000026c4f5aa520 JavaThread "Signal Dispatcher" daemon [_thread_blocked, id=13612, stack(0x000000c37c100000,0x000000c37c200000)]
  0x0000026c4f5ac050 JavaThread "Attach Listener" daemon [_thread_blocked, id=12728, stack(0x000000c37c200000,0x000000c37c300000)]
  0x0000026c4f5ae920 JavaThread "Service Thread" daemon [_thread_blocked, id=3268, stack(0x000000c37c300000,0x000000c37c400000)]
  0x0000026c500665d0 JavaThread "Monitor Deflation Thread" daemon [_thread_blocked, id=8040, stack(0x000000c37c400000,0x000000c37c500000)]
=>0x0000026c500673d0 JavaThread "C2 CompilerThread0" daemon [_thread_in_native, id=13484, stack(0x000000c37c500000,0x000000c37c600000)]
  0x0000026c500688f0 JavaThread "C1 CompilerThread0" daemon [_thread_blocked, id=15088, stack(0x000000c37c600000,0x000000c37c700000)]
  0x0000026c5006c900 JavaThread "Sweeper thread" daemon [_thread_blocked, id=11968, stack(0x000000c37c700000,0x000000c37c800000)]
  0x0000026c501f5d10 JavaThread "Notification Thread" daemon [_thread_blocked, id=1276, stack(0x000000c37c800000,0x000000c37c900000)]
  0x0000026c501f4ea0 JavaThread "Common-Cleaner" daemon [_thread_blocked, id=8140, stack(0x000000c37ca00000,0x000000c37cb00000)]
  0x0000026c51466e20 JavaThread "C2 CompilerThread1" daemon [_thread_blocked, id=9512, stack(0x000000c37cb00000,0x000000c37cc00000)]
  0x0000026c501f6b80 JavaThread "pool-1-thread-1" [_thread_blocked, id=11652, stack(0x000000c37d000000,0x000000c37d100000)]

Other Threads:
  0x0000026c5001ce60 VMThread "VM Thread" [stack: 0x000000c37be00000,0x000000c37bf00000] [id=14424]
  0x0000026c31b15200 WatcherThread [stack: 0x000000c37c900000,0x000000c37ca00000] [id=1712]
  0x0000026c31afe060 GCTaskThread "GC Thread#0" [stack: 0x000000c37b900000,0x000000c37ba00000] [id=15736]
  0x0000026c50616630 GCTaskThread "GC Thread#1" [stack: 0x000000c37cc00000,0x000000c37cd00000] [id=6344]
  0x0000026c50bf2760 GCTaskThread "GC Thread#2" [stack: 0x000000c37cd00000,0x000000c37ce00000] [id=5848]
  0x0000026c5180e2a0 GCTaskThread "GC Thread#3" [stack: 0x000000c37ce00000,0x000000c37cf00000] [id=3360]
  0x0000026c5180e550 GCTaskThread "GC Thread#4" [stack: 0x000000c37cf00000,0x000000c37d000000] [id=12248]
  0x0000026c31b0cd00 ConcurrentGCThread "G1 Main Marker" [stack: 0x000000c37ba00000,0x000000c37bb00000] [id=5936]
  0x0000026c31b0d620 ConcurrentGCThread "G1 Conc#0" [stack: 0x000000c37bb00000,0x000000c37bc00000] [id=14688]
  0x0000026c4f4124c0 ConcurrentGCThread "G1 Refine#0" [stack: 0x000000c37bc00000,0x000000c37bd00000] [id=11232]
  0x0000026c4f412df0 ConcurrentGCThread "G1 Service" [stack: 0x000000c37bd00000,0x000000c37be00000] [id=5856]

Threads with active compile tasks:
C2 CompilerThread0      749  898   !   4       java.util.concurrent.ConcurrentHashMap::putVal (432 bytes)

VM state: not at safepoint (normal execution)

VM Mutex/Monitor currently owned by a thread:  ([mutex/lock_event])
[0x0000026c2f9d7c80] Metaspace_lock - owner thread: 0x0000026c31a9a5e0

Heap address: 0x0000000721a00000, size: 3558 MB, Compressed Oops mode: Zero based, Oop shift amount: 3

CDS archive(s) not mapped
Compressed class space mapped at: 0x0000000800000000-0x0000000840000000, reserved size: 1073741824
Narrow klass base: 0x0000000800000000, Narrow klass shift: 0, Narrow klass range: 0x40000000

GC Precious Log:
 CPUs: 12 total, 12 available
 Memory: 14227M
 Large Page Support: Disabled
 NUMA Support: Disabled
 Compressed Oops: Enabled (Zero based)
 Heap Region Size: 2M
 Heap Min Capacity: 8M
 Heap Initial Capacity: 224M
 Heap Max Capacity: 3558M
 Pre-touch: Disabled
 Parallel Workers: 10
 Concurrent Workers: 3
 Concurrent Refinement Workers: 10
 Periodic GC: Disabled

Heap:
 garbage-first heap   total 229376K, used 14313K [0x0000000721a00000, 0x0000000800000000)
  region size 2048K, 5 young (10240K), 2 survivors (4096K)
 Metaspace       used 12442K, committed 12672K, reserved 1064960K
  class space    used 1386K, committed 1536K, reserved 1048576K

Heap Regions: E=young(eden), S=young(survivor), O=old, HS=humongous(starts), HC=humongous(continues), CS=collection set, F=free, OA=open archive, CA=closed archive, TAMS=top-at-mark-start (previous, next)
|   0|0x0000000721a00000, 0x0000000721a00000, 0x0000000721c00000|  0%| F|  |TAMS 0x0000000721a00000, 0x0000000721a00000| Untracked 
|   1|0x0000000721c00000, 0x0000000721c00000, 0x0000000721e00000|  0%| F|  |TAMS 0x0000000721c00000, 0x0000000721c00000| Untracked 
|   2|0x0000000721e00000, 0x0000000722000000, 0x0000000722000000|100%|HS|  |TAMS 0x0000000721e00000, 0x0000000721e00000| Complete 
|   3|0x0000000722000000, 0x0000000722200000, 0x0000000722200000|100%|HC|  |TAMS 0x0000000722000000, 0x0000000722000000| Complete 
|   4|0x0000000722200000, 0x00000007223fa400, 0x0000000722400000| 98%| O|  |TAMS 0x0000000722200000, 0x0000000722200000| Untracked 
|   5|0x0000000722400000, 0x0000000722400000, 0x0000000722600000|  0%| F|  |TAMS 0x0000000722400000, 0x0000000722400000| Untracked 
|   6|0x0000000722600000, 0x0000000722600000, 0x0000000722800000|  0%| F|  |TAMS 0x0000000722600000, 0x0000000722600000| Untracked 
|   7|0x0000000722800000, 0x0000000722800000, 0x0000000722a00000|  0%| F|  |TAMS 0x0000000722800000, 0x0000000722800000| Untracked 
|   8|0x0000000722a00000, 0x0000000722a00000, 0x0000000722c00000|  0%| F|  |TAMS 0x0000000722a00000, 0x0000000722a00000| Untracked 
|   9|0x0000000722c00000, 0x0000000722c00000, 0x0000000722e00000|  0%| F|  |TAMS 0x0000000722c00000, 0x0000000722c00000| Untracked 
|  10|0x0000000722e00000, 0x0000000722e00000, 0x0000000723000000|  0%| F|  |TAMS 0x0000000722e00000, 0x0000000722e00000| Untracked 
|  11|0x0000000723000000, 0x0000000723000000, 0x0000000723200000|  0%| F|  |TAMS 0x0000000723000000, 0x0000000723000000| Untracked 
|  12|0x0000000723200000, 0x0000000723200000, 0x0000000723400000|  0%| F|  |TAMS 0x0000000723200000, 0x0000000723200000| Untracked 
|  13|0x0000000723400000, 0x0000000723400000, 0x0000000723600000|  0%| F|  |TAMS 0x0000000723400000, 0x0000000723400000| Untracked 
|  14|0x0000000723600000, 0x0000000723600000, 0x0000000723800000|  0%| F|  |TAMS 0x0000000723600000, 0x0000000723600000| Untracked 
|  15|0x0000000723800000, 0x0000000723800000, 0x0000000723a00000|  0%| F|  |TAMS 0x0000000723800000, 0x0000000723800000| Untracked 
|  16|0x0000000723a00000, 0x0000000723a00000, 0x0000000723c00000|  0%| F|  |TAMS 0x0000000723a00000, 0x0000000723a00000| Untracked 
|  17|0x0000000723c00000, 0x0000000723c00000, 0x0000000723e00000|  0%| F|  |TAMS 0x0000000723c00000, 0x0000000723c00000| Untracked 
|  18|0x0000000723e00000, 0x0000000723e00000, 0x0000000724000000|  0%| F|  |TAMS 0x0000000723e00000, 0x0000000723e00000| Untracked 
|  19|0x0000000724000000, 0x0000000724000000, 0x0000000724200000|  0%| F|  |TAMS 0x0000000724000000, 0x0000000724000000| Untracked 
|  20|0x0000000724200000, 0x0000000724200000, 0x0000000724400000|  0%| F|  |TAMS 0x0000000724200000, 0x0000000724200000| Untracked 
|  21|0x0000000724400000, 0x0000000724400000, 0x0000000724600000|  0%| F|  |TAMS 0x0000000724400000, 0x0000000724400000| Untracked 
|  22|0x0000000724600000, 0x0000000724600000, 0x0000000724800000|  0%| F|  |TAMS 0x0000000724600000, 0x0000000724600000| Untracked 
|  23|0x0000000724800000, 0x0000000724800000, 0x0000000724a00000|  0%| F|  |TAMS 0x0000000724800000, 0x0000000724800000| Untracked 
|  24|0x0000000724a00000, 0x0000000724a00000, 0x0000000724c00000|  0%| F|  |TAMS 0x0000000724a00000, 0x0000000724a00000| Untracked 
|  25|0x0000000724c00000, 0x0000000724c00000, 0x0000000724e00000|  0%| F|  |TAMS 0x0000000724c00000, 0x0000000724c00000| Untracked 
|  26|0x0000000724e00000, 0x0000000724e00000, 0x0000000725000000|  0%| F|  |TAMS 0x0000000724e00000, 0x0000000724e00000| Untracked 
|  27|0x0000000725000000, 0x0000000725000000, 0x0000000725200000|  0%| F|  |TAMS 0x0000000725000000, 0x0000000725000000| Untracked 
|  28|0x0000000725200000, 0x0000000725200000, 0x0000000725400000|  0%| F|  |TAMS 0x0000000725200000, 0x0000000725200000| Untracked 
|  29|0x0000000725400000, 0x0000000725400000, 0x0000000725600000|  0%| F|  |TAMS 0x0000000725400000, 0x0000000725400000| Untracked 
|  30|0x0000000725600000, 0x0000000725600000, 0x0000000725800000|  0%| F|  |TAMS 0x0000000725600000, 0x0000000725600000| Untracked 
|  31|0x0000000725800000, 0x0000000725800000, 0x0000000725a00000|  0%| F|  |TAMS 0x0000000725800000, 0x0000000725800000| Untracked 
|  32|0x0000000725a00000, 0x0000000725a00000, 0x0000000725c00000|  0%| F|  |TAMS 0x0000000725a00000, 0x0000000725a00000| Untracked 
|  33|0x0000000725c00000, 0x0000000725c00000, 0x0000000725e00000|  0%| F|  |TAMS 0x0000000725c00000, 0x0000000725c00000| Untracked 
|  34|0x0000000725e00000, 0x0000000725e00000, 0x0000000726000000|  0%| F|  |TAMS 0x0000000725e00000, 0x0000000725e00000| Untracked 
|  35|0x0000000726000000, 0x0000000726000000, 0x0000000726200000|  0%| F|  |TAMS 0x0000000726000000, 0x0000000726000000| Untracked 
|  36|0x0000000726200000, 0x0000000726200000, 0x0000000726400000|  0%| F|  |TAMS 0x0000000726200000, 0x0000000726200000| Untracked 
|  37|0x0000000726400000, 0x0000000726400000, 0x0000000726600000|  0%| F|  |TAMS 0x0000000726400000, 0x0000000726400000| Untracked 
|  38|0x0000000726600000, 0x0000000726600000, 0x0000000726800000|  0%| F|  |TAMS 0x0000000726600000, 0x0000000726600000| Untracked 
|  39|0x0000000726800000, 0x0000000726800000, 0x0000000726a00000|  0%| F|  |TAMS 0x0000000726800000, 0x0000000726800000| Untracked 
|  40|0x0000000726a00000, 0x0000000726a00000, 0x0000000726c00000|  0%| F|  |TAMS 0x0000000726a00000, 0x0000000726a00000| Untracked 
|  41|0x0000000726c00000, 0x0000000726c00000, 0x0000000726e00000|  0%| F|  |TAMS 0x0000000726c00000, 0x0000000726c00000| Untracked 
|  42|0x0000000726e00000, 0x0000000726e00000, 0x0000000727000000|  0%| F|  |TAMS 0x0000000726e00000, 0x0000000726e00000| Untracked 
|  43|0x0000000727000000, 0x0000000727000000, 0x0000000727200000|  0%| F|  |TAMS 0x0000000727000000, 0x0000000727000000| Untracked 
|  44|0x0000000727200000, 0x0000000727200000, 0x0000000727400000|  0%| F|  |TAMS 0x0000000727200000, 0x0000000727200000| Untracked 
|  45|0x0000000727400000, 0x0000000727400000, 0x0000000727600000|  0%| F|  |TAMS 0x0000000727400000, 0x0000000727400000| Untracked 
|  46|0x0000000727600000, 0x0000000727600000, 0x0000000727800000|  0%| F|  |TAMS 0x0000000727600000, 0x0000000727600000| Untracked 
|  47|0x0000000727800000, 0x0000000727800000, 0x0000000727a00000|  0%| F|  |TAMS 0x0000000727800000, 0x0000000727800000| Untracked 
|  48|0x0000000727a00000, 0x0000000727a00000, 0x0000000727c00000|  0%| F|  |TAMS 0x0000000727a00000, 0x0000000727a00000| Untracked 
|  49|0x0000000727c00000, 0x0000000727c00000, 0x0000000727e00000|  0%| F|  |TAMS 0x0000000727c00000, 0x0000000727c00000| Untracked 
|  50|0x0000000727e00000, 0x0000000727e00000, 0x0000000728000000|  0%| F|  |TAMS 0x0000000727e00000, 0x0000000727e00000| Untracked 
|  51|0x0000000728000000, 0x0000000728000000, 0x0000000728200000|  0%| F|  |TAMS 0x0000000728000000, 0x0000000728000000| Untracked 
|  52|0x0000000728200000, 0x0000000728200000, 0x0000000728400000|  0%| F|  |TAMS 0x0000000728200000, 0x0000000728200000| Untracked 
|  53|0x0000000728400000, 0x0000000728400000, 0x0000000728600000|  0%| F|  |TAMS 0x0000000728400000, 0x0000000728400000| Untracked 
|  54|0x0000000728600000, 0x0000000728600000, 0x0000000728800000|  0%| F|  |TAMS 0x0000000728600000, 0x0000000728600000| Untracked 
|  55|0x0000000728800000, 0x0000000728800000, 0x0000000728a00000|  0%| F|  |TAMS 0x0000000728800000, 0x0000000728800000| Untracked 
|  56|0x0000000728a00000, 0x0000000728a00000, 0x0000000728c00000|  0%| F|  |TAMS 0x0000000728a00000, 0x0000000728a00000| Untracked 
|  57|0x0000000728c00000, 0x0000000728c00000, 0x0000000728e00000|  0%| F|  |TAMS 0x0000000728c00000, 0x0000000728c00000| Untracked 
|  58|0x0000000728e00000, 0x0000000728e00000, 0x0000000729000000|  0%| F|  |TAMS 0x0000000728e00000, 0x0000000728e00000| Untracked 
|  59|0x0000000729000000, 0x0000000729000000, 0x0000000729200000|  0%| F|  |TAMS 0x0000000729000000, 0x0000000729000000| Untracked 
|  60|0x0000000729200000, 0x0000000729200000, 0x0000000729400000|  0%| F|  |TAMS 0x0000000729200000, 0x0000000729200000| Untracked 
|  61|0x0000000729400000, 0x0000000729400000, 0x0000000729600000|  0%| F|  |TAMS 0x0000000729400000, 0x0000000729400000| Untracked 
|  62|0x0000000729600000, 0x0000000729600000, 0x0000000729800000|  0%| F|  |TAMS 0x0000000729600000, 0x0000000729600000| Untracked 
|  63|0x0000000729800000, 0x0000000729800000, 0x0000000729a00000|  0%| F|  |TAMS 0x0000000729800000, 0x0000000729800000| Untracked 
|  64|0x0000000729a00000, 0x0000000729a00000, 0x0000000729c00000|  0%| F|  |TAMS 0x0000000729a00000, 0x0000000729a00000| Untracked 
|  65|0x0000000729c00000, 0x0000000729c00000, 0x0000000729e00000|  0%| F|  |TAMS 0x0000000729c00000, 0x0000000729c00000| Untracked 
|  66|0x0000000729e00000, 0x0000000729e00000, 0x000000072a000000|  0%| F|  |TAMS 0x0000000729e00000, 0x0000000729e00000| Untracked 
|  67|0x000000072a000000, 0x000000072a000000, 0x000000072a200000|  0%| F|  |TAMS 0x000000072a000000, 0x000000072a000000| Untracked 
|  68|0x000000072a200000, 0x000000072a200000, 0x000000072a400000|  0%| F|  |TAMS 0x000000072a200000, 0x000000072a200000| Untracked 
|  69|0x000000072a400000, 0x000000072a400000, 0x000000072a600000|  0%| F|  |TAMS 0x000000072a400000, 0x000000072a400000| Untracked 
|  70|0x000000072a600000, 0x000000072a600000, 0x000000072a800000|  0%| F|  |TAMS 0x000000072a600000, 0x000000072a600000| Untracked 
|  71|0x000000072a800000, 0x000000072a800000, 0x000000072aa00000|  0%| F|  |TAMS 0x000000072a800000, 0x000000072a800000| Untracked 
|  72|0x000000072aa00000, 0x000000072aa00000, 0x000000072ac00000|  0%| F|  |TAMS 0x000000072aa00000, 0x000000072aa00000| Untracked 
|  73|0x000000072ac00000, 0x000000072ac00000, 0x000000072ae00000|  0%| F|  |TAMS 0x000000072ac00000, 0x000000072ac00000| Untracked 
|  74|0x000000072ae00000, 0x000000072ae00000, 0x000000072b000000|  0%| F|  |TAMS 0x000000072ae00000, 0x000000072ae00000| Untracked 
|  75|0x000000072b000000, 0x000000072b000000, 0x000000072b200000|  0%| F|  |TAMS 0x000000072b000000, 0x000000072b000000| Untracked 
|  76|0x000000072b200000, 0x000000072b200000, 0x000000072b400000|  0%| F|  |TAMS 0x000000072b200000, 0x000000072b200000| Untracked 
|  77|0x000000072b400000, 0x000000072b400000, 0x000000072b600000|  0%| F|  |TAMS 0x000000072b400000, 0x000000072b400000| Untracked 
|  78|0x000000072b600000, 0x000000072b600000, 0x000000072b800000|  0%| F|  |TAMS 0x000000072b600000, 0x000000072b600000| Untracked 
|  79|0x000000072b800000, 0x000000072b800000, 0x000000072ba00000|  0%| F|  |TAMS 0x000000072b800000, 0x000000072b800000| Untracked 
|  80|0x000000072ba00000, 0x000000072ba00000, 0x000000072bc00000|  0%| F|  |TAMS 0x000000072ba00000, 0x000000072ba00000| Untracked 
|  81|0x000000072bc00000, 0x000000072bc00000, 0x000000072be00000|  0%| F|  |TAMS 0x000000072bc00000, 0x000000072bc00000| Untracked 
|  82|0x000000072be00000, 0x000000072be00000, 0x000000072c000000|  0%| F|  |TAMS 0x000000072be00000, 0x000000072be00000| Untracked 
|  83|0x000000072c000000, 0x000000072c000000, 0x000000072c200000|  0%| F|  |TAMS 0x000000072c000000, 0x000000072c000000| Untracked 
|  84|0x000000072c200000, 0x000000072c200000, 0x000000072c400000|  0%| F|  |TAMS 0x000000072c200000, 0x000000072c200000| Untracked 
|  85|0x000000072c400000, 0x000000072c400000, 0x000000072c600000|  0%| F|  |TAMS 0x000000072c400000, 0x000000072c400000| Untracked 
|  86|0x000000072c600000, 0x000000072c600000, 0x000000072c800000|  0%| F|  |TAMS 0x000000072c600000, 0x000000072c600000| Untracked 
|  87|0x000000072c800000, 0x000000072c800000, 0x000000072ca00000|  0%| F|  |TAMS 0x000000072c800000, 0x000000072c800000| Untracked 
|  88|0x000000072ca00000, 0x000000072ca00000, 0x000000072cc00000|  0%| F|  |TAMS 0x000000072ca00000, 0x000000072ca00000| Untracked 
|  89|0x000000072cc00000, 0x000000072cc00000, 0x000000072ce00000|  0%| F|  |TAMS 0x000000072cc00000, 0x000000072cc00000| Untracked 
|  90|0x000000072ce00000, 0x000000072ce00000, 0x000000072d000000|  0%| F|  |TAMS 0x000000072ce00000, 0x000000072ce00000| Untracked 
|  91|0x000000072d000000, 0x000000072d000000, 0x000000072d200000|  0%| F|  |TAMS 0x000000072d000000, 0x000000072d000000| Untracked 
|  92|0x000000072d200000, 0x000000072d200000, 0x000000072d400000|  0%| F|  |TAMS 0x000000072d200000, 0x000000072d200000| Untracked 
|  93|0x000000072d400000, 0x000000072d400000, 0x000000072d600000|  0%| F|  |TAMS 0x000000072d400000, 0x000000072d400000| Untracked 
|  94|0x000000072d600000, 0x000000072d600000, 0x000000072d800000|  0%| F|  |TAMS 0x000000072d600000, 0x000000072d600000| Untracked 
|  95|0x000000072d800000, 0x000000072d800000, 0x000000072da00000|  0%| F|  |TAMS 0x000000072d800000, 0x000000072d800000| Untracked 
|  96|0x000000072da00000, 0x000000072da00000, 0x000000072dc00000|  0%| F|  |TAMS 0x000000072da00000, 0x000000072da00000| Untracked 
|  97|0x000000072dc00000, 0x000000072dc00000, 0x000000072de00000|  0%| F|  |TAMS 0x000000072dc00000, 0x000000072dc00000| Untracked 
|  98|0x000000072de00000, 0x000000072de00000, 0x000000072e000000|  0%| F|  |TAMS 0x000000072de00000, 0x000000072de00000| Untracked 
|  99|0x000000072e000000, 0x000000072e200000, 0x000000072e200000|100%| S|CS|TAMS 0x000000072e000000, 0x000000072e000000| Complete 
| 100|0x000000072e200000, 0x000000072e400000, 0x000000072e400000|100%| S|CS|TAMS 0x000000072e200000, 0x000000072e200000| Complete 
| 101|0x000000072e400000, 0x000000072e400000, 0x000000072e600000|  0%| F|  |TAMS 0x000000072e400000, 0x000000072e400000| Untracked 
| 102|0x000000072e600000, 0x000000072e600000, 0x000000072e800000|  0%| F|  |TAMS 0x000000072e600000, 0x000000072e600000| Untracked 
| 103|0x000000072e800000, 0x000000072e800000, 0x000000072ea00000|  0%| F|  |TAMS 0x000000072e800000, 0x000000072e800000| Untracked 
| 104|0x000000072ea00000, 0x000000072ea00000, 0x000000072ec00000|  0%| F|  |TAMS 0x000000072ea00000, 0x000000072ea00000| Untracked 
| 105|0x000000072ec00000, 0x000000072ec00000, 0x000000072ee00000|  0%| F|  |TAMS 0x000000072ec00000, 0x000000072ec00000| Untracked 
| 106|0x000000072ee00000, 0x000000072ee00000, 0x000000072f000000|  0%| F|  |TAMS 0x000000072ee00000, 0x000000072ee00000| Untracked 
| 107|0x000000072f000000, 0x000000072f000000, 0x000000072f200000|  0%| F|  |TAMS 0x000000072f000000, 0x000000072f000000| Untracked 
| 108|0x000000072f200000, 0x000000072f200000, 0x000000072f400000|  0%| F|  |TAMS 0x000000072f200000, 0x000000072f200000| Untracked 
| 109|0x000000072f400000, 0x000000072f5ee208, 0x000000072f600000| 96%| E|  |TAMS 0x000000072f400000, 0x000000072f400000| Complete 
| 110|0x000000072f600000, 0x000000072f800000, 0x000000072f800000|100%| E|CS|TAMS 0x000000072f600000, 0x000000072f600000| Complete 
| 111|0x000000072f800000, 0x000000072fa00000, 0x000000072fa00000|100%| E|CS|TAMS 0x000000072f800000, 0x000000072f800000| Complete 

Card table byte_map: [0x0000026c44bc0000,0x0000026c452c0000] _byte_map_base: 0x0000026c412b3000

Marking Bits (Prev, Next): (CMBitMap*) 0x0000026c31afe580, (CMBitMap*) 0x0000026c31afe5c0
 Prev Bits: [0x0000026c459c0000, 0x0000026c49158000)
 Next Bits: [0x0000026c49160000, 0x0000026c4c8f8000)

Polling page: 0x0000026c31270000

Metaspace:

Usage:
  Non-class:     10.80 MB used.
      Class:      1.35 MB used.
       Both:     12.15 MB used.

Virtual space:
  Non-class space:       16.00 MB reserved,      10.88 MB ( 68%) committed,  2 nodes.
      Class space:        1.00 GB reserved,       1.50 MB ( <1%) committed,  1 nodes.
             Both:        1.02 GB reserved,      12.38 MB (  1%) committed. 

Chunk freelists:
   Non-Class:  368.00 KB
       Class:  2.42 MB
        Both:  2.78 MB

MaxMetaspaceSize: unlimited
CompressedClassSpaceSize: 1.00 GB
Initial GC threshold: 21.00 MB
Current GC threshold: 21.00 MB
CDS: off
MetaspaceReclaimPolicy: balanced
 - commit_granule_bytes: 65536.
 - commit_granule_words: 8192.
 - virtual_space_node_default_size: 1048576.
 - enlarge_chunks_in_place: 1.
 - new_chunks_are_fully_committed: 0.
 - uncommit_free_chunks: 1.
 - use_allocation_guard: 0.
 - handle_deallocations: 1.


Internal statistics:

num_allocs_failed_limit: 0.
num_arena_births: 62.
num_arena_deaths: 0.
num_vsnodes_births: 3.
num_vsnodes_deaths: 0.
num_space_committed: 198.
num_space_uncommitted: 0.
num_chunks_returned_to_freelist: 0.
num_chunks_taken_from_freelist: 213.
num_chunk_merges: 0.
num_chunk_splits: 135.
num_chunks_enlarged: 108.
num_purges: 0.
num_inconsistent_stats: 0.

CodeHeap 'non-profiled nmethods': size=120000Kb used=350Kb max_used=350Kb free=119649Kb
 bounds [0x0000026c3ca40000, 0x0000026c3ccb0000, 0x0000026c43f70000]
CodeHeap 'profiled nmethods': size=120000Kb used=1725Kb max_used=1725Kb free=118274Kb
 bounds [0x0000026c34f70000, 0x0000026c351e0000, 0x0000026c3c4a0000]
CodeHeap 'non-nmethods': size=5760Kb used=1136Kb max_used=1155Kb free=4623Kb
 bounds [0x0000026c3c4a0000, 0x0000026c3c710000, 0x0000026c3ca40000]
 total_blobs=1348 nmethods=926 adapters=335
 compilation: enabled
              stopped_count=0, restarted_count=0
 full_count=0

Compilation events (20 events):
Event: 0.703 Thread 0x0000026c51466e20  894       4       java.lang.StringCoding::hasNegatives (25 bytes)
Event: 0.705 Thread 0x0000026c51466e20 nmethod 894 0x0000026c3ca95b90 code [0x0000026c3ca95d00, 0x0000026c3ca95e58]
Event: 0.705 Thread 0x0000026c500688f0  895       1       java.lang.reflect.Method::getDeclaringClass (5 bytes)
Event: 0.706 Thread 0x0000026c500688f0 nmethod 895 0x0000026c3ca95f10 code [0x0000026c3ca960a0, 0x0000026c3ca96178]
Event: 0.706 Thread 0x0000026c500688f0  896       3       sun.invoke.util.VerifyAccess::isSamePackage (37 bytes)
Event: 0.707 Thread 0x0000026c500688f0 nmethod 896 0x0000026c35111b90 code [0x0000026c35111ea0, 0x0000026c35113338]
Event: 0.707 Thread 0x0000026c500688f0  897       3       java.lang.ref.Reference::<init> (7 bytes)
Event: 0.707 Thread 0x0000026c500673d0  898   !   4       java.util.concurrent.ConcurrentHashMap::putVal (432 bytes)
Event: 0.707 Thread 0x0000026c500688f0 nmethod 897 0x0000026c35113910 code [0x0000026c35113ac0, 0x0000026c35113d78]
Event: 0.707 Thread 0x0000026c500688f0  899       3       java.util.zip.CRC32::update (51 bytes)
Event: 0.707 Thread 0x0000026c500688f0 nmethod 899 0x0000026c35113e90 code [0x0000026c35114080, 0x0000026c35114508]
Event: 0.707 Thread 0x0000026c500688f0  900       3       java.security.SecureClassLoader::getProtectionDomain (38 bytes)
Event: 0.708 Thread 0x0000026c500688f0 nmethod 900 0x0000026c35114710 code [0x0000026c35114900, 0x0000026c35114fa8]
Event: 0.708 Thread 0x0000026c500688f0  901       3       java.lang.ClassLoader::defineClass (43 bytes)
Event: 0.708 Thread 0x0000026c500688f0 nmethod 901 0x0000026c35115190 code [0x0000026c35115380, 0x0000026c35115898]
Event: 0.709 Thread 0x0000026c500688f0  902       3       java.lang.ClassLoader::getNamedPackage (73 bytes)
Event: 0.709 Thread 0x0000026c500688f0 nmethod 902 0x0000026c35115b10 code [0x0000026c35115d00, 0x0000026c35116268]
Event: 0.710 Thread 0x0000026c51466e20  903 %     4       java.lang.StringLatin1::indexOf @ 30 (121 bytes)
Event: 0.712 Thread 0x0000026c500688f0  904       3       java.lang.Class::cast (27 bytes)
Event: 0.712 Thread 0x0000026c500688f0 nmethod 904 0x0000026c35116490 code [0x0000026c35116640, 0x0000026c351168f8]

GC Heap History (2 events):
Event: 0.631 GC heap before
{Heap before GC invocations=0 (full 0):
 garbage-first heap   total 229376K, used 30720K [0x0000000721a00000, 0x0000000800000000)
  region size 2048K, 11 young (22528K), 0 survivors (0K)
 Metaspace       used 10877K, committed 11072K, reserved 1064960K
  class space    used 1122K, committed 1216K, reserved 1048576K
}
Event: 0.634 GC heap after
{Heap after GC invocations=1 (full 0):
 garbage-first heap   total 229376K, used 10217K [0x0000000721a00000, 0x0000000800000000)
  region size 2048K, 2 young (4096K), 2 survivors (4096K)
 Metaspace       used 10877K, committed 11072K, reserved 1064960K
  class space    used 1122K, committed 1216K, reserved 1048576K
}

Dll operation events (2 events):
Event: 0.005 Loaded shared library D:\Program Files\Android\Android Studio\jbr\bin\java.dll
Event: 0.107 Loaded shared library D:\Program Files\Android\Android Studio\jbr\bin\verify.dll

Deoptimization events (20 events):
Event: 0.595 Thread 0x0000026c31a9a5e0 Uncommon trap: trap_request=0xffffffde fr.pc=0x0000026c3ca5cc40 relative=0x00000000000003e0
Event: 0.595 Thread 0x0000026c31a9a5e0 Uncommon trap: reason=class_check action=maybe_recompile pc=0x0000026c3ca5cc40 method=java.util.regex.Matcher.match(II)Z @ 121 c2
Event: 0.595 Thread 0x0000026c31a9a5e0 DEOPT PACKING pc=0x0000026c3ca5cc40 sp=0x000000c37b8fd1e0
Event: 0.595 Thread 0x0000026c31a9a5e0 DEOPT UNPACKING pc=0x0000026c3c4f69a3 sp=0x000000c37b8fd188 mode 2
Event: 0.595 Thread 0x0000026c31a9a5e0 Uncommon trap: trap_request=0xffffffde fr.pc=0x0000026c3ca5cc40 relative=0x00000000000003e0
Event: 0.595 Thread 0x0000026c31a9a5e0 Uncommon trap: reason=class_check action=maybe_recompile pc=0x0000026c3ca5cc40 method=java.util.regex.Matcher.match(II)Z @ 121 c2
Event: 0.595 Thread 0x0000026c31a9a5e0 DEOPT PACKING pc=0x0000026c3ca5cc40 sp=0x000000c37b8fd1e0
Event: 0.595 Thread 0x0000026c31a9a5e0 DEOPT UNPACKING pc=0x0000026c3c4f69a3 sp=0x000000c37b8fd188 mode 2
Event: 0.596 Thread 0x0000026c31a9a5e0 Uncommon trap: trap_request=0xffffffde fr.pc=0x0000026c3ca5cc40 relative=0x00000000000003e0
Event: 0.596 Thread 0x0000026c31a9a5e0 Uncommon trap: reason=class_check action=maybe_recompile pc=0x0000026c3ca5cc40 method=java.util.regex.Matcher.match(II)Z @ 121 c2
Event: 0.596 Thread 0x0000026c31a9a5e0 DEOPT PACKING pc=0x0000026c3ca5cc40 sp=0x000000c37b8fd060
Event: 0.596 Thread 0x0000026c31a9a5e0 DEOPT UNPACKING pc=0x0000026c3c4f69a3 sp=0x000000c37b8fd008 mode 2
Event: 0.596 Thread 0x0000026c31a9a5e0 Uncommon trap: trap_request=0xffffffde fr.pc=0x0000026c3ca5cc40 relative=0x00000000000003e0
Event: 0.596 Thread 0x0000026c31a9a5e0 Uncommon trap: reason=class_check action=maybe_recompile pc=0x0000026c3ca5cc40 method=java.util.regex.Matcher.match(II)Z @ 121 c2
Event: 0.596 Thread 0x0000026c31a9a5e0 DEOPT PACKING pc=0x0000026c3ca5cc40 sp=0x000000c37b8fd060
Event: 0.596 Thread 0x0000026c31a9a5e0 DEOPT UNPACKING pc=0x0000026c3c4f69a3 sp=0x000000c37b8fd008 mode 2
Event: 0.660 Thread 0x0000026c31a9a5e0 DEOPT PACKING pc=0x0000026c35057b8b sp=0x000000c37b8f88d0
Event: 0.660 Thread 0x0000026c31a9a5e0 DEOPT UNPACKING pc=0x0000026c3c4f7143 sp=0x000000c37b8f7d30 mode 0
Event: 0.703 Thread 0x0000026c31a9a5e0 DEOPT PACKING pc=0x0000026c34fc5b56 sp=0x000000c37b8fb170
Event: 0.703 Thread 0x0000026c31a9a5e0 DEOPT UNPACKING pc=0x0000026c3c4f7143 sp=0x000000c37b8fa5f8 mode 0

Classes unloaded (0 events):
No events

Classes redefined (0 events):
No events

Internal exceptions (9 events):
Event: 0.204 Thread 0x0000026c31a9a5e0 Exception <a 'java/lang/NoSuchMethodError'{0x000000072f77a2c8}: 'int java.lang.invoke.DirectMethodHandle$Holder.invokeStaticInit(java.lang.Object, java.lang.Object)'> (0x000000072f77a2c8) 
thrown [s\src\hotspot\share\interpreter\linkResolver.cpp, line 771]
Event: 0.603 Thread 0x0000026c31a9a5e0 Exception <a 'java/lang/NoSuchMethodError'{0x000000072e4ffc78}: 'void java.lang.invoke.DirectMethodHandle$Holder.invokeStatic(java.lang.Object, java.lang.Object)'> (0x000000072e4ffc78) 
thrown [s\src\hotspot\share\interpreter\linkResolver.cpp, line 771]
Event: 0.621 Thread 0x0000026c31a9a5e0 Exception <a 'java/lang/NoClassDefFoundError'{0x000000072e5863b8}: org/slf4j/impl/StaticMarkerBinder> (0x000000072e5863b8) 
thrown [s\src\hotspot\share\classfile\systemDictionary.cpp, line 245]
Event: 0.637 Thread 0x0000026c31a9a5e0 Exception <a 'java/lang/NoSuchMethodError'{0x000000072f824530}: 'java.lang.Object java.lang.invoke.DirectMethodHandle$Holder.invokeVirtual(java.lang.Object, java.lang.Object, java.lang.Object, java.lang.Object, java.lang.Object, java.lang.Object, java.lang.Object)'> (0x000000072f824530) 
thrown [s\src\hotspot\share\interpreter\linkResolver.cpp, line 771]
Event: 0.638 Thread 0x0000026c31a9a5e0 Exception <a 'java/lang/NoSuchMethodError'{0x000000072f835af0}: 'java.lang.Object java.lang.invoke.Invokers$Holder.invoker(java.lang.Object, java.lang.Object, java.lang.Object)'> (0x000000072f835af0) 
thrown [s\src\hotspot\share\interpreter\linkResolver.cpp, line 771]
Event: 0.640 Thread 0x0000026c31a9a5e0 Exception <a 'java/lang/NoSuchMethodError'{0x000000072f83eca0}: 'java.lang.Object java.lang.invoke.DirectMethodHandle$Holder.invokeStatic(java.lang.Object, java.lang.Object, int)'> (0x000000072f83eca0) 
thrown [s\src\hotspot\share\interpreter\linkResolver.cpp, line 771]
Event: 0.642 Thread 0x0000026c31a9a5e0 Exception <a 'java/lang/NoSuchMethodError'{0x000000072f84a990}: 'void java.lang.invoke.DelegatingMethodHandle$Holder.delegate(java.lang.Object, java.lang.Object, int, java.lang.Object)'> (0x000000072f84a990) 
thrown [s\src\hotspot\share\interpreter\linkResolver.cpp, line 771]
Event: 0.643 Thread 0x0000026c31a9a5e0 Exception <a 'java/lang/NoSuchMethodError'{0x000000072f84eb58}: 'int java.lang.invoke.DirectMethodHandle$Holder.invokeSpecial(java.lang.Object, java.lang.Object, java.lang.Object)'> (0x000000072f84eb58) 
thrown [s\src\hotspot\share\interpreter\linkResolver.cpp, line 771]
Event: 0.646 Thread 0x0000026c31a9a5e0 Exception <a 'java/lang/NoSuchMethodError'{0x000000072f861d10}: 'java.lang.Object java.lang.invoke.Invokers$Holder.invokeExact_MT(java.lang.Object, java.lang.Object, java.lang.Object, java.lang.Object)'> (0x000000072f861d10) 
thrown [s\src\hotspot\share\interpreter\linkResolver.cpp, line 771]

VM Operations (8 events):
Event: 0.089 Executing VM operation: HandshakeAllThreads
Event: 0.089 Executing VM operation: HandshakeAllThreads done
Event: 0.526 Executing VM operation: HandshakeAllThreads
Event: 0.526 Executing VM operation: HandshakeAllThreads done
Event: 0.630 Executing VM operation: G1CollectForAllocation
Event: 0.634 Executing VM operation: G1CollectForAllocation done
Event: 0.640 Executing VM operation: HandshakeAllThreads
Event: 0.640 Executing VM operation: HandshakeAllThreads done

Events (20 events):
Event: 0.687 loading class sun/reflect/generics/scope/MethodScope
Event: 0.687 loading class sun/reflect/generics/scope/MethodScope done
Event: 0.687 loading class sun/reflect/generics/repository/MethodRepository
Event: 0.687 loading class sun/reflect/generics/repository/ConstructorRepository
Event: 0.687 loading class sun/reflect/generics/repository/ConstructorRepository done
Event: 0.687 loading class sun/reflect/generics/repository/MethodRepository done
Event: 0.687 loading class sun/reflect/generics/tree/MethodTypeSignature
Event: 0.687 loading class sun/reflect/generics/tree/MethodTypeSignature done
Event: 0.700 loading class java/lang/invoke/BoundMethodHandle$Species_LLLL
Event: 0.700 loading class java/lang/invoke/BoundMethodHandle$Species_LLLL done
Event: 0.701 loading class java/lang/invoke/BoundMethodHandle$Species_LLLLL
Event: 0.701 loading class java/lang/invoke/BoundMethodHandle$Species_LLLLL done
Event: 0.701 loading class java/lang/invoke/BoundMethodHandle$Species_LLLLLL
Event: 0.702 loading class java/lang/invoke/BoundMethodHandle$Species_LLLLLL done
Event: 0.702 loading class java/lang/invoke/BoundMethodHandle$Species_LLLLLLL
Event: 0.702 loading class java/lang/invoke/BoundMethodHandle$Species_LLLLLLL done
Event: 0.705 loading class java/io/FileNotFoundException
Event: 0.705 loading class java/io/FileNotFoundException done
Event: 0.713 loading class java/util/concurrent/CopyOnWriteArraySet
Event: 0.713 loading class java/util/concurrent/CopyOnWriteArraySet done


Dynamic libraries:
0x00007ff6ad6b0000 - 0x00007ff6ad6ba000 	D:\Program Files\Android\Android Studio\jbr\bin\java.exe
0x00007ffe20430000 - 0x00007ffe20628000 	C:\Windows\SYSTEM32\ntdll.dll
0x00007ffe20280000 - 0x00007ffe2033f000 	C:\Windows\System32\KERNEL32.DLL
0x00007ffe1dc60000 - 0x00007ffe1df56000 	C:\Windows\System32\KERNELBASE.dll
0x00007ffe1db10000 - 0x00007ffe1dc10000 	C:\Windows\System32\ucrtbase.dll
0x00007ffe12060000 - 0x00007ffe12077000 	D:\Program Files\Android\Android Studio\jbr\bin\jli.dll
0x00007ffe11e50000 - 0x00007ffe11e6b000 	D:\Program Files\Android\Android Studio\jbr\bin\VCRUNTIME140.dll
0x00007ffe1f480000 - 0x00007ffe1f61d000 	C:\Windows\System32\USER32.dll
0x00007ffe1e080000 - 0x00007ffe1e0a2000 	C:\Windows\System32\win32u.dll
0x00007ffe05eb0000 - 0x00007ffe0614a000 	C:\Windows\WinSxS\amd64_microsoft.windows.common-controls_6595b64144ccf1df_6.0.19041.1110_none_60b5254171f9507e\COMCTL32.dll
0x00007ffe1f8e0000 - 0x00007ffe1f90c000 	C:\Windows\System32\GDI32.dll
0x00007ffe1faf0000 - 0x00007ffe1fb8e000 	C:\Windows\System32\msvcrt.dll
0x00007ffe1e370000 - 0x00007ffe1e485000 	C:\Windows\System32\gdi32full.dll
0x00007ffe1e140000 - 0x00007ffe1e1dd000 	C:\Windows\System32\msvcp_win.dll
0x00007ffe1e9c0000 - 0x00007ffe1e9f0000 	C:\Windows\System32\IMM32.DLL
0x00007ffe13740000 - 0x00007ffe1374c000 	D:\Program Files\Android\Android Studio\jbr\bin\vcruntime140_1.dll
0x00007ffdf6f60000 - 0x00007ffdf6fed000 	D:\Program Files\Android\Android Studio\jbr\bin\msvcp140.dll
0x00007ffdda3b0000 - 0x00007ffddb01d000 	D:\Program Files\Android\Android Studio\jbr\bin\server\jvm.dll
0x00007ffe1f910000 - 0x00007ffe1f9bf000 	C:\Windows\System32\ADVAPI32.dll
0x00007ffe1e920000 - 0x00007ffe1e9bc000 	C:\Windows\System32\sechost.dll
0x00007ffe1e7f0000 - 0x00007ffe1e916000 	C:\Windows\System32\RPCRT4.dll
0x00007ffe12660000 - 0x00007ffe12669000 	C:\Windows\SYSTEM32\WSOCK32.dll
0x00007ffe1f6b0000 - 0x00007ffe1f71b000 	C:\Windows\System32\WS2_32.dll
0x00007ffe157b0000 - 0x00007ffe157d7000 	C:\Windows\SYSTEM32\WINMM.dll
0x00007ffe16a40000 - 0x00007ffe16a4a000 	C:\Windows\SYSTEM32\VERSION.dll
0x00007ffe1b9f0000 - 0x00007ffe1ba02000 	C:\Windows\SYSTEM32\kernel.appcore.dll
0x00007ffe12380000 - 0x00007ffe1238a000 	D:\Program Files\Android\Android Studio\jbr\bin\jimage.dll
0x00007ffe17c10000 - 0x00007ffe17df4000 	C:\Windows\SYSTEM32\DBGHELP.DLL
0x00007ffe0b2a0000 - 0x00007ffe0b2d4000 	C:\Windows\SYSTEM32\dbgcore.DLL
0x00007ffe1e0b0000 - 0x00007ffe1e132000 	C:\Windows\System32\bcryptPrimitives.dll
0x00007ffe11d10000 - 0x00007ffe11d35000 	D:\Program Files\Android\Android Studio\jbr\bin\java.dll
0x00007ffe11880000 - 0x00007ffe11898000 	D:\Program Files\Android\Android Studio\jbr\bin\zip.dll
0x00007ffe1ebe0000 - 0x00007ffe1f324000 	C:\Windows\System32\SHELL32.dll
0x00007ffe1bbf0000 - 0x00007ffe1c383000 	C:\Windows\SYSTEM32\windows.storage.dll
0x00007ffe1e490000 - 0x00007ffe1e7e4000 	C:\Windows\System32\combase.dll
0x00007ffe1d500000 - 0x00007ffe1d52e000 	C:\Windows\SYSTEM32\Wldp.dll
0x00007ffe20340000 - 0x00007ffe203ed000 	C:\Windows\System32\SHCORE.dll
0x00007ffe1eb80000 - 0x00007ffe1ebd5000 	C:\Windows\System32\shlwapi.dll
0x00007ffe1da50000 - 0x00007ffe1da6f000 	C:\Windows\SYSTEM32\profapi.dll
0x00007ffe11620000 - 0x00007ffe11639000 	D:\Program Files\Android\Android Studio\jbr\bin\net.dll
0x00007ffe18c90000 - 0x00007ffe18d9a000 	C:\Windows\SYSTEM32\WINHTTP.dll
0x00007ffe1d1f0000 - 0x00007ffe1d25a000 	C:\Windows\system32\mswsock.dll
0x00007ffe0fd80000 - 0x00007ffe0fd96000 	D:\Program Files\Android\Android Studio\jbr\bin\nio.dll
0x00007ffe121b0000 - 0x00007ffe121c0000 	D:\Program Files\Android\Android Studio\jbr\bin\verify.dll
0x00007ffe08cb0000 - 0x00007ffe08cd7000 	C:\Users\BeeLTL\.gradle\native\e1d6ef7f7dcc3fd88c89a11ec53ec762bb8ba0a96d01ffa2cd45eb1d1d8dd5c5\windows-amd64\native-platform.dll

dbghelp: loaded successfully - version: 4.0.5 - missing functions: none
symbol engine: initialized successfully - sym options: 0x614 - pdb path: .;D:\Program Files\Android\Android Studio\jbr\bin;C:\Windows\SYSTEM32;C:\Windows\WinSxS\amd64_microsoft.windows.common-controls_6595b64144ccf1df_6.0.19041.1110_none_60b5254171f9507e;D:\Program Files\Android\Android Studio\jbr\bin\server;C:\Users\BeeLTL\.gradle\native\e1d6ef7f7dcc3fd88c89a11ec53ec762bb8ba0a96d01ffa2cd45eb1d1d8dd5c5\windows-amd64

VM Arguments:
jvm_args: -Dorg.gradle.appname=gradlew 
java_command: org.gradle.wrapper.GradleWrapperMain -q -Ptarget-platform=android-x64 -Ptarget=D:\project\quran_app\lib\main.dart -Pbase-application-name=android.app.Application -Pdart-defines=RkxVVFRFUl9XRUJfQVVUT19ERVRFQ1Q9dHJ1ZQ==,RkxVVFRFUl9XRUJfQ0FOVkFTS0lUX1VSTD1odHRwczovL3d3dy5nc3RhdGljLmNvbS9mbHV0dGVyLWNhbnZhc2tpdC9jZGJlZGE3ODhhMjkzZmEyOTY2NWRjM2ZhM2Q2ZTYzYmQyMjFjYjBkLw== -Pdart-obfuscation=false -Ptrack-widget-creation=true -Ptree-shake-icons=false -Pfilesystem-scheme=org-dartlang-root assembleDebug
java_class_path (initial): D:\project\quran_app\android\\gradle\wrapper\gradle-wrapper.jar
Launcher Type: SUN_STANDARD

[Global flags]
     intx CICompilerCount                          = 4                                         {product} {ergonomic}
     uint ConcGCThreads                            = 3                                         {product} {ergonomic}
     uint G1ConcRefinementThreads                  = 10                                        {product} {ergonomic}
   size_t G1HeapRegionSize                         = 2097152                                   {product} {ergonomic}
    uintx GCDrainStackTargetSize                   = 64                                        {product} {ergonomic}
   size_t InitialHeapSize                          = 234881024                                 {product} {ergonomic}
   size_t MarkStackSize                            = 4194304                                   {product} {ergonomic}
   size_t MaxHeapSize                              = 3730833408                                {product} {ergonomic}
   size_t MaxNewSize                               = 2237661184                                {product} {ergonomic}
   size_t MinHeapDeltaBytes                        = 2097152                                   {product} {ergonomic}
   size_t MinHeapSize                              = 8388608                                   {product} {ergonomic}
    uintx NonNMethodCodeHeapSize                   = 5839372                                {pd product} {ergonomic}
    uintx NonProfiledCodeHeapSize                  = 122909434                              {pd product} {ergonomic}
    uintx ProfiledCodeHeapSize                     = 122909434                              {pd product} {ergonomic}
    uintx ReservedCodeCacheSize                    = 251658240                              {pd product} {ergonomic}
     bool SegmentedCodeCache                       = true                                      {product} {ergonomic}
   size_t SoftMaxHeapSize                          = 3730833408                             {manageable} {ergonomic}
     bool UseCompressedClassPointers               = true                           {product lp64_product} {ergonomic}
     bool UseCompressedOops                        = true                           {product lp64_product} {ergonomic}
     bool UseG1GC                                  = true                                      {product} {ergonomic}
     bool UseLargePagesIndividualAllocation        = false                                  {pd product} {ergonomic}

Logging:
Log output configuration:
 #0: stdout all=warning uptime,level,tags
 #1: stderr all=off uptime,level,tags

Environment Variables:
JAVA_HOME=D:\Program Files\Android\Android Studio\jbr
CLASSPATH=D:\project\quran_app\android\\gradle\wrapper\gradle-wrapper.jar
PATH=C:\Windows\system32;C:\Windows;C:\Windows\System32\Wbem;C:\Windows\System32\WindowsPowerShell\v1.0\;C:\Windows\System32\OpenSSH\;C:\Program Files\Git\cmd;C:\Program Files\nodejs\;C:\Users\BeeLTL\AppData\Local\Programs\Python\Python311\Scripts\;C:\Users\BeeLTL\AppData\Local\Programs\Python\Python311\;C:\Users\BeeLTL\AppData\Local\Microsoft\WindowsApps;C:\Users\BeeLTL\AppData\Local\Programs\Microsoft VS Code\bin;C:\flutter\bin;C:\Users\BeeLTL\AppData\Local\GitHubDesktop\bin;C:\Users\BeeLTL\AppData\Roaming\npm;C:\flutter\bin\mingit\cmd
USERNAME=BeeLTL
OS=Windows_NT
PROCESSOR_IDENTIFIER=AMD64 Family 23 Model 96 Stepping 1, AuthenticAMD
TMP=C:\Users\BeeLTL\AppData\Local\Temp
TEMP=C:\Users\BeeLTL\AppData\Local\Temp



---------------  S Y S T E M  ---------------

OS:
 Windows 10 , 64 bit Build 19041 (10.0.19041.2913)
OS uptime: 2 days 6:25 hours

CPU: total 12 (initial active 12) (12 cores per cpu, 2 threads per core) family 23 model 96 stepping 1 microcode 0x0, cx8, cmov, fxsr, ht, mmx, 3dnowpref, sse, sse2, sse3, ssse3, sse4a, sse4.1, sse4.2, popcnt, lzcnt, tsc, tscinvbit, avx, avx2, aes, clmul, bmi1, bmi2, adx, sha, fma, vzeroupper, clflush, clflushopt

Memory: 4k page, system-wide physical 14227M (1812M free)
TotalPageFile size 28444M (AvailPageFile size 0M)
current process WorkingSet (physical memory assigned to process): 89M, peak: 89M
current process commit charge ("private bytes"): 330M, peak: 331M

vm_info: OpenJDK 64-Bit Server VM (17.0.6+0-b2043.56-9586694) for windows-amd64 JRE (17.0.6+0-b2043.56-9586694), built on Feb  9 2023 20:06:20 by "androidbuild" with MS VC++ 16.10 / 16.11 (VS2019)

END.
